This file contains any messages produced by compilers while
running configure, to aid debugging if configure makes a mistake.

It was created by configure, which was
generated by GNU Autoconf 2.69.  Invocation command line was

  $ ./configure 

## --------- ##
## Platform. ##
## --------- ##

hostname = test201
uname -m = x86_64
uname -r = 3.10.0-1160.49.1.el7_lustre.x86_64
uname -s = Linux
uname -v = #1 SMP Fri Jun 17 18:46:08 UTC 2022

/usr/bin/uname -p = x86_64
/bin/uname -X     = unknown

/bin/arch              = x86_64
/usr/bin/arch -k       = unknown
/usr/convex/getsysinfo = unknown
/usr/bin/hostinfo      = unknown
/bin/machine           = unknown
/usr/bin/oslevel       = unknown
/bin/universe          = unknown

PATH: /usr/lib64/qt-3.3/bin
PATH: /usr/local/sbin
PATH: /usr/local/bin
PATH: /usr/sbin
PATH: /usr/bin
PATH: /root/bin


## ----------- ##
## Core tests. ##
## ----------- ##

configure:2646: checking metadata
configure:2673: result: yes
configure:2710: checking build system type
configure:2724: result: x86_64-redhat-linux-gnu
configure:2744: checking host system type
configure:2757: result: x86_64-redhat-linux-gnu
configure:2777: checking target system type
configure:2790: result: x86_64-redhat-linux-gnu
configure:2837: checking for a BSD-compatible install
configure:2905: result: /usr/bin/install -c
configure:2916: checking whether build environment is sane
configure:2971: result: yes
configure:3009: WARNING: 'missing' script is too old or missing
configure:3122: checking for a thread-safe mkdir -p
configure:3161: result: /usr/bin/mkdir -p
configure:3168: checking for gawk
configure:3184: found /usr/bin/gawk
configure:3195: result: gawk
configure:3206: checking whether make sets $(MAKE)
configure:3228: result: yes
configure:3257: checking whether make supports nested variables
configure:3274: result: yes
configure:3362: checking whether to enable maintainer-specific portions of Makefiles
configure:3371: result: no
configure:3464: checking for gcc
configure:3480: found /usr/bin/gcc
configure:3491: result: gcc
configure:3720: checking for C compiler version
configure:3729: gcc --version >&5
gcc (GCC) 4.8.5 20150623 (Red Hat 4.8.5-44)
Copyright (C) 2015 Free Software Foundation, Inc.
This is free software; see the source for copying conditions.  There is NO
warranty; not even for MERCHANTABILITY or FITNESS FOR A PARTICULAR PURPOSE.

configure:3740: $? = 0
configure:3729: gcc -v >&5
Using built-in specs.
COLLECT_GCC=gcc
COLLECT_LTO_WRAPPER=/usr/libexec/gcc/x86_64-redhat-linux/4.8.5/lto-wrapper
Target: x86_64-redhat-linux
Configured with: ../configure --prefix=/usr --mandir=/usr/share/man --infodir=/usr/share/info --with-bugurl=http://bugzilla.redhat.com/bugzilla --enable-bootstrap --enable-shared --enable-threads=posix --enable-checking=release --with-system-zlib --enable-__cxa_atexit --disable-libunwind-exceptions --enable-gnu-unique-object --enable-linker-build-id --with-linker-hash-style=gnu --enable-languages=c,c++,objc,obj-c++,java,fortran,ada,go,lto --enable-plugin --enable-initfini-array --disable-libgcj --with-isl=/builddir/build/BUILD/gcc-4.8.5-20150702/obj-x86_64-redhat-linux/isl-install --with-cloog=/builddir/build/BUILD/gcc-4.8.5-20150702/obj-x86_64-redhat-linux/cloog-install --enable-gnu-indirect-function --with-tune=generic --with-arch_32=x86-64 --build=x86_64-redhat-linux
Thread model: posix
gcc version 4.8.5 20150623 (Red Hat 4.8.5-44) (GCC) 
configure:3740: $? = 0
configure:3729: gcc -V >&5
gcc: error: unrecognized command line option '-V'
gcc: fatal error: no input files
compilation terminated.
configure:3740: $? = 4
configure:3729: gcc -qversion >&5
gcc: error: unrecognized command line option '-qversion'
gcc: fatal error: no input files
compilation terminated.
configure:3740: $? = 4
configure:3760: checking whether the C compiler works
configure:3782: gcc    conftest.c  >&5
configure:3786: $? = 0
configure:3834: result: yes
configure:3837: checking for C compiler default output file name
configure:3839: result: a.out
configure:3845: checking for suffix of executables
configure:3852: gcc -o conftest    conftest.c  >&5
configure:3856: $? = 0
configure:3878: result: 
configure:3900: checking whether we are cross compiling
configure:3908: gcc -o conftest    conftest.c  >&5
configure:3912: $? = 0
configure:3919: ./conftest
configure:3923: $? = 0
configure:3938: result: no
configure:3943: checking for suffix of object files
configure:3965: gcc -c   conftest.c >&5
configure:3969: $? = 0
configure:3990: result: o
configure:3994: checking whether we are using the GNU C compiler
configure:4013: gcc -c   conftest.c >&5
configure:4013: $? = 0
configure:4022: result: yes
configure:4031: checking whether gcc accepts -g
configure:4051: gcc -c -g  conftest.c >&5
configure:4051: $? = 0
configure:4092: result: yes
configure:4109: checking for gcc option to accept ISO C89
configure:4172: gcc  -c -g -O2  conftest.c >&5
configure:4172: $? = 0
configure:4185: result: none needed
configure:4216: checking for style of include used by make
configure:4244: result: GNU
configure:4270: checking dependency style of gcc
configure:4381: result: gcc3
configure:4396: checking whether make sets $(MAKE)
configure:4418: result: yes
configure:4473: checking how to print strings
configure:4500: result: printf
configure:4521: checking for a sed that does not truncate output
configure:4585: result: /usr/bin/sed
configure:4603: checking for grep that handles long lines and -e
configure:4661: result: /usr/bin/grep
configure:4666: checking for egrep
configure:4728: result: /usr/bin/grep -E
configure:4733: checking for fgrep
configure:4795: result: /usr/bin/grep -F
configure:4830: checking for ld used by gcc
configure:4897: result: /usr/bin/ld
configure:4904: checking if the linker (/usr/bin/ld) is GNU ld
configure:4919: result: yes
configure:4931: checking for BSD- or MS-compatible name lister (nm)
configure:4980: result: /usr/bin/nm -B
configure:5110: checking the name lister (/usr/bin/nm -B) interface
configure:5117: gcc -c -g -O2  conftest.c >&5
configure:5120: /usr/bin/nm -B "conftest.o"
configure:5123: output
0000000000000000 B some_variable
configure:5130: result: BSD nm
configure:5133: checking whether ln -s works
configure:5137: result: yes
configure:5145: checking the maximum length of command line arguments
configure:5275: result: 1572864
configure:5292: checking whether the shell understands some XSI constructs
configure:5302: result: yes
configure:5306: checking whether the shell understands "+="
configure:5312: result: yes
configure:5347: checking how to convert x86_64-redhat-linux-gnu file names to x86_64-redhat-linux-gnu format
configure:5387: result: func_convert_file_noop
configure:5394: checking how to convert x86_64-redhat-linux-gnu file names to toolchain format
configure:5414: result: func_convert_file_noop
configure:5421: checking for /usr/bin/ld option to reload object files
configure:5428: result: -r
configure:5502: checking for objdump
configure:5518: found /usr/bin/objdump
configure:5529: result: objdump
configure:5561: checking how to recognize dependent libraries
configure:5763: result: pass_all
configure:5848: checking for dlltool
configure:5878: result: no
configure:5908: checking how to associate runtime and link libraries
configure:5935: result: printf %s\n
configure:5996: checking for ar
configure:6012: found /usr/bin/ar
configure:6023: result: ar
configure:6060: checking for archiver @FILE support
configure:6077: gcc -c -g -O2  conftest.c >&5
configure:6077: $? = 0
configure:6080: ar cru libconftest.a @conftest.lst >&5
configure:6083: $? = 0
configure:6088: ar cru libconftest.a @conftest.lst >&5
ar: conftest.o: No such file or directory
configure:6091: $? = 1
configure:6103: result: @
configure:6161: checking for strip
configure:6177: found /usr/bin/strip
configure:6188: result: strip
configure:6260: checking for ranlib
configure:6276: found /usr/bin/ranlib
configure:6287: result: ranlib
configure:6389: checking command to parse /usr/bin/nm -B output from gcc object
configure:6509: gcc -c -g -O2  conftest.c >&5
configure:6512: $? = 0
configure:6516: /usr/bin/nm -B conftest.o \| sed -n -e 's/^.*[ ]\([ABCDGIRSTW][ABCDGIRSTW]*\)[ ][ ]*\([_A-Za-z][_A-Za-z0-9]*\)$/\1 \2 \2/p' | sed '/ __gnu_lto/d' \> conftest.nm
configure:6519: $? = 0
configure:6585: gcc -o conftest -g -O2   conftest.c conftstm.o >&5
configure:6588: $? = 0
configure:6626: result: ok
configure:6663: checking for sysroot
configure:6693: result: no
configure:6770: gcc -c -g -O2  conftest.c >&5
configure:6773: $? = 0
configure:6949: checking for mt
configure:6979: result: no
configure:6999: checking if : is a manifest tool
configure:7005: : '-?'
configure:7013: result: no
configure:7655: checking how to run the C preprocessor
configure:7686: gcc -E  conftest.c
configure:7686: $? = 0
configure:7700: gcc -E  conftest.c
conftest.c:14:28: fatal error: ac_nonexistent.h: No such file or directory
 #include <ac_nonexistent.h>
                            ^
compilation terminated.
configure:7700: $? = 1
configure: failed program was:
| /* confdefs.h */
| #define PACKAGE_NAME ""
| #define PACKAGE_TARNAME ""
| #define PACKAGE_VERSION ""
| #define PACKAGE_STRING ""
| #define PACKAGE_BUGREPORT ""
| #define PACKAGE_URL ""
| #define PROJECT "cerebro"
| #define VERSION "1.21"
| #define RELEASE "8"
| #define PACKAGE "cerebro"
| #define VERSION "1.21"
| /* end confdefs.h.  */
| #include <ac_nonexistent.h>
configure:7725: result: gcc -E
configure:7745: gcc -E  conftest.c
configure:7745: $? = 0
configure:7759: gcc -E  conftest.c
conftest.c:14:28: fatal error: ac_nonexistent.h: No such file or directory
 #include <ac_nonexistent.h>
                            ^
compilation terminated.
configure:7759: $? = 1
configure: failed program was:
| /* confdefs.h */
| #define PACKAGE_NAME ""
| #define PACKAGE_TARNAME ""
| #define PACKAGE_VERSION ""
| #define PACKAGE_STRING ""
| #define PACKAGE_BUGREPORT ""
| #define PACKAGE_URL ""
| #define PROJECT "cerebro"
| #define VERSION "1.21"
| #define RELEASE "8"
| #define PACKAGE "cerebro"
| #define VERSION "1.21"
| /* end confdefs.h.  */
| #include <ac_nonexistent.h>
configure:7788: checking for ANSI C header files
configure:7808: gcc -c -g -O2  conftest.c >&5
configure:7808: $? = 0
configure:7881: gcc -o conftest -g -O2   conftest.c  >&5
configure:7881: $? = 0
configure:7881: ./conftest
configure:7881: $? = 0
configure:7892: result: yes
configure:7905: checking for sys/types.h
configure:7905: gcc -c -g -O2  conftest.c >&5
configure:7905: $? = 0
configure:7905: result: yes
configure:7905: checking for sys/stat.h
configure:7905: gcc -c -g -O2  conftest.c >&5
configure:7905: $? = 0
configure:7905: result: yes
configure:7905: checking for stdlib.h
configure:7905: gcc -c -g -O2  conftest.c >&5
configure:7905: $? = 0
configure:7905: result: yes
configure:7905: checking for string.h
configure:7905: gcc -c -g -O2  conftest.c >&5
configure:7905: $? = 0
configure:7905: result: yes
configure:7905: checking for memory.h
configure:7905: gcc -c -g -O2  conftest.c >&5
configure:7905: $? = 0
configure:7905: result: yes
configure:7905: checking for strings.h
configure:7905: gcc -c -g -O2  conftest.c >&5
configure:7905: $? = 0
configure:7905: result: yes
configure:7905: checking for inttypes.h
configure:7905: gcc -c -g -O2  conftest.c >&5
configure:7905: $? = 0
configure:7905: result: yes
configure:7905: checking for stdint.h
configure:7905: gcc -c -g -O2  conftest.c >&5
configure:7905: $? = 0
configure:7905: result: yes
configure:7905: checking for unistd.h
configure:7905: gcc -c -g -O2  conftest.c >&5
configure:7905: $? = 0
configure:7905: result: yes
configure:7919: checking for dlfcn.h
configure:7919: gcc -c -g -O2  conftest.c >&5
configure:7919: $? = 0
configure:7919: result: yes
configure:8125: checking for objdir
configure:8140: result: .libs
configure:8407: checking if gcc supports -fno-rtti -fno-exceptions
configure:8425: gcc -c -g -O2  -fno-rtti -fno-exceptions conftest.c >&5
cc1: warning: command line option '-fno-rtti' is valid for C++/ObjC++ but not for C [enabled by default]
configure:8429: $? = 0
configure:8442: result: no
configure:8769: checking for gcc option to produce PIC
configure:8776: result: -fPIC -DPIC
configure:8784: checking if gcc PIC flag -fPIC -DPIC works
configure:8802: gcc -c -g -O2  -fPIC -DPIC -DPIC conftest.c >&5
configure:8806: $? = 0
configure:8819: result: yes
configure:8848: checking if gcc static flag -static works
configure:8876: result: no
configure:8891: checking if gcc supports -c -o file.o
configure:8912: gcc -c -g -O2  -o out/conftest2.o conftest.c >&5
configure:8916: $? = 0
configure:8938: result: yes
configure:8946: checking if gcc supports -c -o file.o
configure:8993: result: yes
configure:9026: checking whether the gcc linker (/usr/bin/ld -m elf_x86_64) supports shared libraries
configure:10179: result: yes
configure:10216: checking whether -lc should be explicitly linked in
configure:10224: gcc -c -g -O2  conftest.c >&5
configure:10227: $? = 0
configure:10242: gcc -shared  -fPIC -DPIC conftest.o  -v -Wl,-soname -Wl,conftest -o conftest 2\>\&1 \| /usr/bin/grep  -lc  \>/dev/null 2\>\&1
configure:10245: $? = 0
configure:10259: result: no
configure:10419: checking dynamic linker characteristics
configure:10930: gcc -o conftest -g -O2   -Wl,-rpath -Wl,/foo conftest.c  >&5
configure:10930: $? = 0
configure:11156: result: GNU/Linux ld.so
configure:11263: checking how to hardcode library paths into programs
configure:11288: result: immediate
configure:11828: checking whether stripping libraries is possible
configure:11833: result: yes
configure:11868: checking if libtool supports shared libraries
configure:11870: result: yes
configure:11873: checking whether to build shared libraries
configure:11894: result: yes
configure:11897: checking whether to build static libraries
configure:11901: result: yes
configure:11938: checking which extension is used for runtime loadable modules
configure:11950: result: .so
configure:11967: checking which variable specifies run-time module search path
configure:11974: result: LD_LIBRARY_PATH
configure:11984: checking for the default library search path
configure:11991: result: /lib64 /usr/lib64 /lib /usr/lib /usr/lib64//bind9-export/ /usr/lib64/dyninst /usr/lib64/qt-3.3/lib /usr/lib64/robinhood/ 
configure:12021: checking for library containing dlopen
configure:12052: gcc -o conftest -g -O2   conftest.c  >&5
/tmp/ccKNiuTw.o: In function `main':
/root/newdaima/lmt/cerebro-cerebro-1-21-8/conftest.c:40: undefined reference to `dlopen'
collect2: error: ld returned 1 exit status
configure:12052: $? = 1
configure: failed program was:
| /* confdefs.h */
| #define PACKAGE_NAME ""
| #define PACKAGE_TARNAME ""
| #define PACKAGE_VERSION ""
| #define PACKAGE_STRING ""
| #define PACKAGE_BUGREPORT ""
| #define PACKAGE_URL ""
| #define PROJECT "cerebro"
| #define VERSION "1.21"
| #define RELEASE "8"
| #define PACKAGE "cerebro"
| #define VERSION "1.21"
| #define STDC_HEADERS 1
| #define HAVE_SYS_TYPES_H 1
| #define HAVE_SYS_STAT_H 1
| #define HAVE_STDLIB_H 1
| #define HAVE_STRING_H 1
| #define HAVE_MEMORY_H 1
| #define HAVE_STRINGS_H 1
| #define HAVE_INTTYPES_H 1
| #define HAVE_STDINT_H 1
| #define HAVE_UNISTD_H 1
| #define HAVE_DLFCN_H 1
| #define LT_OBJDIR ".libs/"
| #define LT_MODULE_EXT ".so"
| #define LT_MODULE_PATH_VAR "LD_LIBRARY_PATH"
| #define LT_DLSEARCH_PATH "/lib64:/usr/lib64:/lib:/usr/lib:/usr/lib64//bind9-export/:/usr/lib64/dyninst:/usr/lib64/qt-3.3/lib:/usr/lib64/robinhood/"
| /* end confdefs.h.  */
| 
| /* Override any GCC internal prototype to avoid an error.
|    Use char because int might match the return type of a GCC
|    builtin and then its argument prototype would still apply.  */
| #ifdef __cplusplus
| extern "C"
| #endif
| char dlopen ();
| int
| main ()
| {
| return dlopen ();
|   ;
|   return 0;
| }
configure:12052: gcc -o conftest -g -O2   conftest.c -ldl   >&5
configure:12052: $? = 0
configure:12069: result: -ldl
configure:12159: checking for dlerror
configure:12159: gcc -o conftest -g -O2   conftest.c -ldl  -ldl >&5
configure:12159: $? = 0
configure:12159: result: yes
configure:12173: checking for shl_load
configure:12173: gcc -o conftest -g -O2   conftest.c -ldl  >&5
/tmp/ccz7tBAD.o: In function `main':
/root/newdaima/lmt/cerebro-cerebro-1-21-8/conftest.c:65: undefined reference to `shl_load'
collect2: error: ld returned 1 exit status
configure:12173: $? = 1
configure: failed program was:
| /* confdefs.h */
| #define PACKAGE_NAME ""
| #define PACKAGE_TARNAME ""
| #define PACKAGE_VERSION ""
| #define PACKAGE_STRING ""
| #define PACKAGE_BUGREPORT ""
| #define PACKAGE_URL ""
| #define PROJECT "cerebro"
| #define VERSION "1.21"
| #define RELEASE "8"
| #define PACKAGE "cerebro"
| #define VERSION "1.21"
| #define STDC_HEADERS 1
| #define HAVE_SYS_TYPES_H 1
| #define HAVE_SYS_STAT_H 1
| #define HAVE_STDLIB_H 1
| #define HAVE_STRING_H 1
| #define HAVE_MEMORY_H 1
| #define HAVE_STRINGS_H 1
| #define HAVE_INTTYPES_H 1
| #define HAVE_STDINT_H 1
| #define HAVE_UNISTD_H 1
| #define HAVE_DLFCN_H 1
| #define LT_OBJDIR ".libs/"
| #define LT_MODULE_EXT ".so"
| #define LT_MODULE_PATH_VAR "LD_LIBRARY_PATH"
| #define LT_DLSEARCH_PATH "/lib64:/usr/lib64:/lib:/usr/lib:/usr/lib64//bind9-export/:/usr/lib64/dyninst:/usr/lib64/qt-3.3/lib:/usr/lib64/robinhood/"
| #define HAVE_LIBDL 1
| #define HAVE_DLERROR 1
| /* end confdefs.h.  */
| /* Define shl_load to an innocuous variant, in case <limits.h> declares shl_load.
|    For example, HP-UX 11i <limits.h> declares gettimeofday.  */
| #define shl_load innocuous_shl_load
| 
| /* System header to define __stub macros and hopefully few prototypes,
|     which can conflict with char shl_load (); below.
|     Prefer <limits.h> to <assert.h> if __STDC__ is defined, since
|     <limits.h> exists even on freestanding compilers.  */
| 
| #ifdef __STDC__
| # include <limits.h>
| #else
| # include <assert.h>
| #endif
| 
| #undef shl_load
| 
| /* Override any GCC internal prototype to avoid an error.
|    Use char because int might match the return type of a GCC
|    builtin and then its argument prototype would still apply.  */
| #ifdef __cplusplus
| extern "C"
| #endif
| char shl_load ();
| /* The GNU C library defines this for functions which it implements
|     to always fail with ENOSYS.  Some functions are actually named
|     something starting with __ and the normal name is an alias.  */
| #if defined __stub_shl_load || defined __stub___shl_load
| choke me
| #endif
| 
| int
| main ()
| {
| return shl_load ();
|   ;
|   return 0;
| }
configure:12173: result: no
configure:12180: checking for shl_load in -ldld
configure:12205: gcc -o conftest -g -O2   conftest.c -ldld  -ldl  >&5
/usr/bin/ld: cannot find -ldld
collect2: error: ld returned 1 exit status
configure:12205: $? = 1
configure: failed program was:
| /* confdefs.h */
| #define PACKAGE_NAME ""
| #define PACKAGE_TARNAME ""
| #define PACKAGE_VERSION ""
| #define PACKAGE_STRING ""
| #define PACKAGE_BUGREPORT ""
| #define PACKAGE_URL ""
| #define PROJECT "cerebro"
| #define VERSION "1.21"
| #define RELEASE "8"
| #define PACKAGE "cerebro"
| #define VERSION "1.21"
| #define STDC_HEADERS 1
| #define HAVE_SYS_TYPES_H 1
| #define HAVE_SYS_STAT_H 1
| #define HAVE_STDLIB_H 1
| #define HAVE_STRING_H 1
| #define HAVE_MEMORY_H 1
| #define HAVE_STRINGS_H 1
| #define HAVE_INTTYPES_H 1
| #define HAVE_STDINT_H 1
| #define HAVE_UNISTD_H 1
| #define HAVE_DLFCN_H 1
| #define LT_OBJDIR ".libs/"
| #define LT_MODULE_EXT ".so"
| #define LT_MODULE_PATH_VAR "LD_LIBRARY_PATH"
| #define LT_DLSEARCH_PATH "/lib64:/usr/lib64:/lib:/usr/lib:/usr/lib64//bind9-export/:/usr/lib64/dyninst:/usr/lib64/qt-3.3/lib:/usr/lib64/robinhood/"
| #define HAVE_LIBDL 1
| #define HAVE_DLERROR 1
| /* end confdefs.h.  */
| 
| /* Override any GCC internal prototype to avoid an error.
|    Use char because int might match the return type of a GCC
|    builtin and then its argument prototype would still apply.  */
| #ifdef __cplusplus
| extern "C"
| #endif
| char shl_load ();
| int
| main ()
| {
| return shl_load ();
|   ;
|   return 0;
| }
configure:12214: result: no
configure:12260: checking for dld_link in -ldld
configure:12285: gcc -o conftest -g -O2   conftest.c -ldld  -ldl  >&5
/usr/bin/ld: cannot find -ldld
collect2: error: ld returned 1 exit status
configure:12285: $? = 1
configure: failed program was:
| /* confdefs.h */
| #define PACKAGE_NAME ""
| #define PACKAGE_TARNAME ""
| #define PACKAGE_VERSION ""
| #define PACKAGE_STRING ""
| #define PACKAGE_BUGREPORT ""
| #define PACKAGE_URL ""
| #define PROJECT "cerebro"
| #define VERSION "1.21"
| #define RELEASE "8"
| #define PACKAGE "cerebro"
| #define VERSION "1.21"
| #define STDC_HEADERS 1
| #define HAVE_SYS_TYPES_H 1
| #define HAVE_SYS_STAT_H 1
| #define HAVE_STDLIB_H 1
| #define HAVE_STRING_H 1
| #define HAVE_MEMORY_H 1
| #define HAVE_STRINGS_H 1
| #define HAVE_INTTYPES_H 1
| #define HAVE_STDINT_H 1
| #define HAVE_UNISTD_H 1
| #define HAVE_DLFCN_H 1
| #define LT_OBJDIR ".libs/"
| #define LT_MODULE_EXT ".so"
| #define LT_MODULE_PATH_VAR "LD_LIBRARY_PATH"
| #define LT_DLSEARCH_PATH "/lib64:/usr/lib64:/lib:/usr/lib:/usr/lib64//bind9-export/:/usr/lib64/dyninst:/usr/lib64/qt-3.3/lib:/usr/lib64/robinhood/"
| #define HAVE_LIBDL 1
| #define HAVE_DLERROR 1
| /* end confdefs.h.  */
| 
| /* Override any GCC internal prototype to avoid an error.
|    Use char because int might match the return type of a GCC
|    builtin and then its argument prototype would still apply.  */
| #ifdef __cplusplus
| extern "C"
| #endif
| char dld_link ();
| int
| main ()
| {
| return dld_link ();
|   ;
|   return 0;
| }
configure:12294: result: no
configure:12328: checking for _ prefix in compiled symbols
configure:12338: gcc -c -g -O2  conftest.c >&5
configure:12341: $? = 0
configure:12345: /usr/bin/nm -B conftest.o \| sed -n -e 's/^.*[	 ]\([ABCDGIRSTW][ABCDGIRSTW]*\)[	 ][	 ]*\([_A-Za-z][_A-Za-z0-9]*\)$/\1 \2 \2/p' | sed '/ __gnu_lto/d' \> conftest.nm
configure:12348: $? = 0
configure:12370: result: no
configure:12494: checking whether deplibs are loaded by dlopen
configure:12588: result: yes
configure:12600: checking for argz.h
configure:12600: gcc -c -g -O2  conftest.c >&5
configure:12600: $? = 0
configure:12600: result: yes
configure:12612: checking for error_t
configure:12612: gcc -c -g -O2  conftest.c >&5
configure:12612: $? = 0
configure:12612: gcc -c -g -O2  conftest.c >&5
conftest.c: In function 'main':
conftest.c:40:22: error: expected expression before ')' token
 if (sizeof ((error_t)))
                      ^
configure:12612: $? = 1
configure: failed program was:
| /* confdefs.h */
| #define PACKAGE_NAME ""
| #define PACKAGE_TARNAME ""
| #define PACKAGE_VERSION ""
| #define PACKAGE_STRING ""
| #define PACKAGE_BUGREPORT ""
| #define PACKAGE_URL ""
| #define PROJECT "cerebro"
| #define VERSION "1.21"
| #define RELEASE "8"
| #define PACKAGE "cerebro"
| #define VERSION "1.21"
| #define STDC_HEADERS 1
| #define HAVE_SYS_TYPES_H 1
| #define HAVE_SYS_STAT_H 1
| #define HAVE_STDLIB_H 1
| #define HAVE_STRING_H 1
| #define HAVE_MEMORY_H 1
| #define HAVE_STRINGS_H 1
| #define HAVE_INTTYPES_H 1
| #define HAVE_STDINT_H 1
| #define HAVE_UNISTD_H 1
| #define HAVE_DLFCN_H 1
| #define LT_OBJDIR ".libs/"
| #define LT_MODULE_EXT ".so"
| #define LT_MODULE_PATH_VAR "LD_LIBRARY_PATH"
| #define LT_DLSEARCH_PATH "/lib64:/usr/lib64:/lib:/usr/lib:/usr/lib64//bind9-export/:/usr/lib64/dyninst:/usr/lib64/qt-3.3/lib:/usr/lib64/robinhood/"
| #define HAVE_LIBDL 1
| #define HAVE_DLERROR 1
| #define HAVE_LIBDLLOADER 1
| #define HAVE_ARGZ_H 1
| /* end confdefs.h.  */
| #if defined(HAVE_ARGZ_H)
| #  include <argz.h>
| #endif
| 
| int
| main ()
| {
| if (sizeof ((error_t)))
| 	    return 0;
|   ;
|   return 0;
| }
configure:12612: result: yes
configure:12638: checking for argz_add
configure:12638: gcc -o conftest -g -O2   conftest.c -ldl  >&5
configure:12638: $? = 0
configure:12638: result: yes
configure:12638: checking for argz_append
configure:12638: gcc -o conftest -g -O2   conftest.c -ldl  >&5
configure:12638: $? = 0
configure:12638: result: yes
configure:12638: checking for argz_count
configure:12638: gcc -o conftest -g -O2   conftest.c -ldl  >&5
configure:12638: $? = 0
configure:12638: result: yes
configure:12638: checking for argz_create_sep
configure:12638: gcc -o conftest -g -O2   conftest.c -ldl  >&5
configure:12638: $? = 0
configure:12638: result: yes
configure:12638: checking for argz_insert
configure:12638: gcc -o conftest -g -O2   conftest.c -ldl  >&5
configure:12638: $? = 0
configure:12638: result: yes
configure:12638: checking for argz_next
configure:12638: gcc -o conftest -g -O2   conftest.c -ldl  >&5
configure:12638: $? = 0
configure:12638: result: yes
configure:12638: checking for argz_stringify
configure:12638: gcc -o conftest -g -O2   conftest.c -ldl  >&5
configure:12638: $? = 0
configure:12638: result: yes
configure:12654: checking if argz actually works
configure:12685: result: yes
configure:12702: checking whether libtool supports -dlopen/-dlpreopen
configure:12714: result: yes
configure:12746: checking for ltdl.h
configure:12746: gcc -c -g -O2  conftest.c >&5
configure:12746: $? = 0
configure:12746: result: yes
configure:12750: checking whether lt_dlinterface_register is declared
configure:12750: gcc -c -g -O2  conftest.c >&5
configure:12750: $? = 0
configure:12750: result: yes
configure:12754: checking for lt_dladvise_preload in -lltdl
configure:12779: gcc -o conftest -g -O2   conftest.c -lltdl  -ldl  >&5
configure:12779: $? = 0
configure:12788: result: yes
configure:12887: checking where to find libltdl headers
configure:12889: result: 
configure:12891: checking where to find libltdl library
configure:12893: result: -lltdl
configure:12943: checking for unistd.h
configure:12943: result: yes
configure:12943: checking for dl.h
configure:12943: gcc -c -g -O2  conftest.c >&5
conftest.c:79:16: fatal error: dl.h: No such file or directory
 #include <dl.h>
                ^
compilation terminated.
configure:12943: $? = 1
configure: failed program was:
| /* confdefs.h */
| #define PACKAGE_NAME ""
| #define PACKAGE_TARNAME ""
| #define PACKAGE_VERSION ""
| #define PACKAGE_STRING ""
| #define PACKAGE_BUGREPORT ""
| #define PACKAGE_URL ""
| #define PROJECT "cerebro"
| #define VERSION "1.21"
| #define RELEASE "8"
| #define PACKAGE "cerebro"
| #define VERSION "1.21"
| #define STDC_HEADERS 1
| #define HAVE_SYS_TYPES_H 1
| #define HAVE_SYS_STAT_H 1
| #define HAVE_STDLIB_H 1
| #define HAVE_STRING_H 1
| #define HAVE_MEMORY_H 1
| #define HAVE_STRINGS_H 1
| #define HAVE_INTTYPES_H 1
| #define HAVE_STDINT_H 1
| #define HAVE_UNISTD_H 1
| #define HAVE_DLFCN_H 1
| #define LT_OBJDIR ".libs/"
| #define LT_MODULE_EXT ".so"
| #define LT_MODULE_PATH_VAR "LD_LIBRARY_PATH"
| #define LT_DLSEARCH_PATH "/lib64:/usr/lib64:/lib:/usr/lib:/usr/lib64//bind9-export/:/usr/lib64/dyninst:/usr/lib64/qt-3.3/lib:/usr/lib64/robinhood/"
| #define HAVE_LIBDL 1
| #define HAVE_DLERROR 1
| #define HAVE_LIBDLLOADER 1
| #define HAVE_ARGZ_H 1
| #define HAVE_ERROR_T 1
| #define HAVE_ARGZ_ADD 1
| #define HAVE_ARGZ_APPEND 1
| #define HAVE_ARGZ_COUNT 1
| #define HAVE_ARGZ_CREATE_SEP 1
| #define HAVE_ARGZ_INSERT 1
| #define HAVE_ARGZ_NEXT 1
| #define HAVE_ARGZ_STRINGIFY 1
| #define HAVE_WORKING_ARGZ 1
| #define HAVE_PRELOADED_SYMBOLS 1
| #define HAVE_LTDL 1
| #define HAVE_UNISTD_H 1
| /* end confdefs.h.  */
| #include <stdio.h>
| #ifdef HAVE_SYS_TYPES_H
| # include <sys/types.h>
| #endif
| #ifdef HAVE_SYS_STAT_H
| # include <sys/stat.h>
| #endif
| #ifdef STDC_HEADERS
| # include <stdlib.h>
| # include <stddef.h>
| #else
| # ifdef HAVE_STDLIB_H
| #  include <stdlib.h>
| # endif
| #endif
| #ifdef HAVE_STRING_H
| # if !defined STDC_HEADERS && defined HAVE_MEMORY_H
| #  include <memory.h>
| # endif
| # include <string.h>
| #endif
| #ifdef HAVE_STRINGS_H
| # include <strings.h>
| #endif
| #ifdef HAVE_INTTYPES_H
| # include <inttypes.h>
| #endif
| #ifdef HAVE_STDINT_H
| # include <stdint.h>
| #endif
| #ifdef HAVE_UNISTD_H
| # include <unistd.h>
| #endif
| 
| #include <dl.h>
configure:12943: result: no
configure:12943: checking for sys/dl.h
configure:12943: gcc -c -g -O2  conftest.c >&5
conftest.c:79:20: fatal error: sys/dl.h: No such file or directory
 #include <sys/dl.h>
                    ^
compilation terminated.
configure:12943: $? = 1
configure: failed program was:
| /* confdefs.h */
| #define PACKAGE_NAME ""
| #define PACKAGE_TARNAME ""
| #define PACKAGE_VERSION ""
| #define PACKAGE_STRING ""
| #define PACKAGE_BUGREPORT ""
| #define PACKAGE_URL ""
| #define PROJECT "cerebro"
| #define VERSION "1.21"
| #define RELEASE "8"
| #define PACKAGE "cerebro"
| #define VERSION "1.21"
| #define STDC_HEADERS 1
| #define HAVE_SYS_TYPES_H 1
| #define HAVE_SYS_STAT_H 1
| #define HAVE_STDLIB_H 1
| #define HAVE_STRING_H 1
| #define HAVE_MEMORY_H 1
| #define HAVE_STRINGS_H 1
| #define HAVE_INTTYPES_H 1
| #define HAVE_STDINT_H 1
| #define HAVE_UNISTD_H 1
| #define HAVE_DLFCN_H 1
| #define LT_OBJDIR ".libs/"
| #define LT_MODULE_EXT ".so"
| #define LT_MODULE_PATH_VAR "LD_LIBRARY_PATH"
| #define LT_DLSEARCH_PATH "/lib64:/usr/lib64:/lib:/usr/lib:/usr/lib64//bind9-export/:/usr/lib64/dyninst:/usr/lib64/qt-3.3/lib:/usr/lib64/robinhood/"
| #define HAVE_LIBDL 1
| #define HAVE_DLERROR 1
| #define HAVE_LIBDLLOADER 1
| #define HAVE_ARGZ_H 1
| #define HAVE_ERROR_T 1
| #define HAVE_ARGZ_ADD 1
| #define HAVE_ARGZ_APPEND 1
| #define HAVE_ARGZ_COUNT 1
| #define HAVE_ARGZ_CREATE_SEP 1
| #define HAVE_ARGZ_INSERT 1
| #define HAVE_ARGZ_NEXT 1
| #define HAVE_ARGZ_STRINGIFY 1
| #define HAVE_WORKING_ARGZ 1
| #define HAVE_PRELOADED_SYMBOLS 1
| #define HAVE_LTDL 1
| #define HAVE_UNISTD_H 1
| /* end confdefs.h.  */
| #include <stdio.h>
| #ifdef HAVE_SYS_TYPES_H
| # include <sys/types.h>
| #endif
| #ifdef HAVE_SYS_STAT_H
| # include <sys/stat.h>
| #endif
| #ifdef STDC_HEADERS
| # include <stdlib.h>
| # include <stddef.h>
| #else
| # ifdef HAVE_STDLIB_H
| #  include <stdlib.h>
| # endif
| #endif
| #ifdef HAVE_STRING_H
| # if !defined STDC_HEADERS && defined HAVE_MEMORY_H
| #  include <memory.h>
| # endif
| # include <string.h>
| #endif
| #ifdef HAVE_STRINGS_H
| # include <strings.h>
| #endif
| #ifdef HAVE_INTTYPES_H
| # include <inttypes.h>
| #endif
| #ifdef HAVE_STDINT_H
| # include <stdint.h>
| #endif
| #ifdef HAVE_UNISTD_H
| # include <unistd.h>
| #endif
| 
| #include <sys/dl.h>
configure:12943: result: no
configure:12943: checking for dld.h
configure:12943: gcc -c -g -O2  conftest.c >&5
conftest.c:79:17: fatal error: dld.h: No such file or directory
 #include <dld.h>
                 ^
compilation terminated.
configure:12943: $? = 1
configure: failed program was:
| /* confdefs.h */
| #define PACKAGE_NAME ""
| #define PACKAGE_TARNAME ""
| #define PACKAGE_VERSION ""
| #define PACKAGE_STRING ""
| #define PACKAGE_BUGREPORT ""
| #define PACKAGE_URL ""
| #define PROJECT "cerebro"
| #define VERSION "1.21"
| #define RELEASE "8"
| #define PACKAGE "cerebro"
| #define VERSION "1.21"
| #define STDC_HEADERS 1
| #define HAVE_SYS_TYPES_H 1
| #define HAVE_SYS_STAT_H 1
| #define HAVE_STDLIB_H 1
| #define HAVE_STRING_H 1
| #define HAVE_MEMORY_H 1
| #define HAVE_STRINGS_H 1
| #define HAVE_INTTYPES_H 1
| #define HAVE_STDINT_H 1
| #define HAVE_UNISTD_H 1
| #define HAVE_DLFCN_H 1
| #define LT_OBJDIR ".libs/"
| #define LT_MODULE_EXT ".so"
| #define LT_MODULE_PATH_VAR "LD_LIBRARY_PATH"
| #define LT_DLSEARCH_PATH "/lib64:/usr/lib64:/lib:/usr/lib:/usr/lib64//bind9-export/:/usr/lib64/dyninst:/usr/lib64/qt-3.3/lib:/usr/lib64/robinhood/"
| #define HAVE_LIBDL 1
| #define HAVE_DLERROR 1
| #define HAVE_LIBDLLOADER 1
| #define HAVE_ARGZ_H 1
| #define HAVE_ERROR_T 1
| #define HAVE_ARGZ_ADD 1
| #define HAVE_ARGZ_APPEND 1
| #define HAVE_ARGZ_COUNT 1
| #define HAVE_ARGZ_CREATE_SEP 1
| #define HAVE_ARGZ_INSERT 1
| #define HAVE_ARGZ_NEXT 1
| #define HAVE_ARGZ_STRINGIFY 1
| #define HAVE_WORKING_ARGZ 1
| #define HAVE_PRELOADED_SYMBOLS 1
| #define HAVE_LTDL 1
| #define HAVE_UNISTD_H 1
| /* end confdefs.h.  */
| #include <stdio.h>
| #ifdef HAVE_SYS_TYPES_H
| # include <sys/types.h>
| #endif
| #ifdef HAVE_SYS_STAT_H
| # include <sys/stat.h>
| #endif
| #ifdef STDC_HEADERS
| # include <stdlib.h>
| # include <stddef.h>
| #else
| # ifdef HAVE_STDLIB_H
| #  include <stdlib.h>
| # endif
| #endif
| #ifdef HAVE_STRING_H
| # if !defined STDC_HEADERS && defined HAVE_MEMORY_H
| #  include <memory.h>
| # endif
| # include <string.h>
| #endif
| #ifdef HAVE_STRINGS_H
| # include <strings.h>
| #endif
| #ifdef HAVE_INTTYPES_H
| # include <inttypes.h>
| #endif
| #ifdef HAVE_STDINT_H
| # include <stdint.h>
| #endif
| #ifdef HAVE_UNISTD_H
| # include <unistd.h>
| #endif
| 
| #include <dld.h>
configure:12943: result: no
configure:12943: checking for mach-o/dyld.h
configure:12943: gcc -c -g -O2  conftest.c >&5
conftest.c:79:25: fatal error: mach-o/dyld.h: No such file or directory
 #include <mach-o/dyld.h>
                         ^
compilation terminated.
configure:12943: $? = 1
configure: failed program was:
| /* confdefs.h */
| #define PACKAGE_NAME ""
| #define PACKAGE_TARNAME ""
| #define PACKAGE_VERSION ""
| #define PACKAGE_STRING ""
| #define PACKAGE_BUGREPORT ""
| #define PACKAGE_URL ""
| #define PROJECT "cerebro"
| #define VERSION "1.21"
| #define RELEASE "8"
| #define PACKAGE "cerebro"
| #define VERSION "1.21"
| #define STDC_HEADERS 1
| #define HAVE_SYS_TYPES_H 1
| #define HAVE_SYS_STAT_H 1
| #define HAVE_STDLIB_H 1
| #define HAVE_STRING_H 1
| #define HAVE_MEMORY_H 1
| #define HAVE_STRINGS_H 1
| #define HAVE_INTTYPES_H 1
| #define HAVE_STDINT_H 1
| #define HAVE_UNISTD_H 1
| #define HAVE_DLFCN_H 1
| #define LT_OBJDIR ".libs/"
| #define LT_MODULE_EXT ".so"
| #define LT_MODULE_PATH_VAR "LD_LIBRARY_PATH"
| #define LT_DLSEARCH_PATH "/lib64:/usr/lib64:/lib:/usr/lib:/usr/lib64//bind9-export/:/usr/lib64/dyninst:/usr/lib64/qt-3.3/lib:/usr/lib64/robinhood/"
| #define HAVE_LIBDL 1
| #define HAVE_DLERROR 1
| #define HAVE_LIBDLLOADER 1
| #define HAVE_ARGZ_H 1
| #define HAVE_ERROR_T 1
| #define HAVE_ARGZ_ADD 1
| #define HAVE_ARGZ_APPEND 1
| #define HAVE_ARGZ_COUNT 1
| #define HAVE_ARGZ_CREATE_SEP 1
| #define HAVE_ARGZ_INSERT 1
| #define HAVE_ARGZ_NEXT 1
| #define HAVE_ARGZ_STRINGIFY 1
| #define HAVE_WORKING_ARGZ 1
| #define HAVE_PRELOADED_SYMBOLS 1
| #define HAVE_LTDL 1
| #define HAVE_UNISTD_H 1
| /* end confdefs.h.  */
| #include <stdio.h>
| #ifdef HAVE_SYS_TYPES_H
| # include <sys/types.h>
| #endif
| #ifdef HAVE_SYS_STAT_H
| # include <sys/stat.h>
| #endif
| #ifdef STDC_HEADERS
| # include <stdlib.h>
| # include <stddef.h>
| #else
| # ifdef HAVE_STDLIB_H
| #  include <stdlib.h>
| # endif
| #endif
| #ifdef HAVE_STRING_H
| # if !defined STDC_HEADERS && defined HAVE_MEMORY_H
| #  include <memory.h>
| # endif
| # include <string.h>
| #endif
| #ifdef HAVE_STRINGS_H
| # include <strings.h>
| #endif
| #ifdef HAVE_INTTYPES_H
| # include <inttypes.h>
| #endif
| #ifdef HAVE_STDINT_H
| # include <stdint.h>
| #endif
| #ifdef HAVE_UNISTD_H
| # include <unistd.h>
| #endif
| 
| #include <mach-o/dyld.h>
configure:12943: result: no
configure:12943: checking for dirent.h
configure:12943: gcc -c -g -O2  conftest.c >&5
configure:12943: $? = 0
configure:12943: result: yes
configure:12958: checking for closedir
configure:12958: gcc -o conftest -g -O2   conftest.c -ldl  >&5
configure:12958: $? = 0
configure:12958: result: yes
configure:12958: checking for opendir
configure:12958: gcc -o conftest -g -O2   conftest.c -ldl  >&5
configure:12958: $? = 0
configure:12958: result: yes
configure:12958: checking for readdir
configure:12958: gcc -o conftest -g -O2   conftest.c -ldl  >&5
configure:12958: $? = 0
configure:12958: result: yes
configure:12975: checking for strlcat
configure:12975: gcc -o conftest -g -O2   conftest.c -ldl  >&5
/tmp/ccEPPFU0.o: In function `main':
/root/newdaima/lmt/cerebro-cerebro-1-21-8/conftest.c:83: undefined reference to `strlcat'
collect2: error: ld returned 1 exit status
configure:12975: $? = 1
configure: failed program was:
| /* confdefs.h */
| #define PACKAGE_NAME ""
| #define PACKAGE_TARNAME ""
| #define PACKAGE_VERSION ""
| #define PACKAGE_STRING ""
| #define PACKAGE_BUGREPORT ""
| #define PACKAGE_URL ""
| #define PROJECT "cerebro"
| #define VERSION "1.21"
| #define RELEASE "8"
| #define PACKAGE "cerebro"
| #define VERSION "1.21"
| #define STDC_HEADERS 1
| #define HAVE_SYS_TYPES_H 1
| #define HAVE_SYS_STAT_H 1
| #define HAVE_STDLIB_H 1
| #define HAVE_STRING_H 1
| #define HAVE_MEMORY_H 1
| #define HAVE_STRINGS_H 1
| #define HAVE_INTTYPES_H 1
| #define HAVE_STDINT_H 1
| #define HAVE_UNISTD_H 1
| #define HAVE_DLFCN_H 1
| #define LT_OBJDIR ".libs/"
| #define LT_MODULE_EXT ".so"
| #define LT_MODULE_PATH_VAR "LD_LIBRARY_PATH"
| #define LT_DLSEARCH_PATH "/lib64:/usr/lib64:/lib:/usr/lib:/usr/lib64//bind9-export/:/usr/lib64/dyninst:/usr/lib64/qt-3.3/lib:/usr/lib64/robinhood/"
| #define HAVE_LIBDL 1
| #define HAVE_DLERROR 1
| #define HAVE_LIBDLLOADER 1
| #define HAVE_ARGZ_H 1
| #define HAVE_ERROR_T 1
| #define HAVE_ARGZ_ADD 1
| #define HAVE_ARGZ_APPEND 1
| #define HAVE_ARGZ_COUNT 1
| #define HAVE_ARGZ_CREATE_SEP 1
| #define HAVE_ARGZ_INSERT 1
| #define HAVE_ARGZ_NEXT 1
| #define HAVE_ARGZ_STRINGIFY 1
| #define HAVE_WORKING_ARGZ 1
| #define HAVE_PRELOADED_SYMBOLS 1
| #define HAVE_LTDL 1
| #define HAVE_UNISTD_H 1
| #define HAVE_DIRENT_H 1
| #define HAVE_CLOSEDIR 1
| #define HAVE_OPENDIR 1
| #define HAVE_READDIR 1
| /* end confdefs.h.  */
| /* Define strlcat to an innocuous variant, in case <limits.h> declares strlcat.
|    For example, HP-UX 11i <limits.h> declares gettimeofday.  */
| #define strlcat innocuous_strlcat
| 
| /* System header to define __stub macros and hopefully few prototypes,
|     which can conflict with char strlcat (); below.
|     Prefer <limits.h> to <assert.h> if __STDC__ is defined, since
|     <limits.h> exists even on freestanding compilers.  */
| 
| #ifdef __STDC__
| # include <limits.h>
| #else
| # include <assert.h>
| #endif
| 
| #undef strlcat
| 
| /* Override any GCC internal prototype to avoid an error.
|    Use char because int might match the return type of a GCC
|    builtin and then its argument prototype would still apply.  */
| #ifdef __cplusplus
| extern "C"
| #endif
| char strlcat ();
| /* The GNU C library defines this for functions which it implements
|     to always fail with ENOSYS.  Some functions are actually named
|     something starting with __ and the normal name is an alias.  */
| #if defined __stub_strlcat || defined __stub___strlcat
| choke me
| #endif
| 
| int
| main ()
| {
| return strlcat ();
|   ;
|   return 0;
| }
configure:12975: result: no
configure:12975: checking for strlcpy
configure:12975: gcc -o conftest -g -O2   conftest.c -ldl  >&5
/tmp/ccPfdAj3.o: In function `main':
/root/newdaima/lmt/cerebro-cerebro-1-21-8/conftest.c:83: undefined reference to `strlcpy'
collect2: error: ld returned 1 exit status
configure:12975: $? = 1
configure: failed program was:
| /* confdefs.h */
| #define PACKAGE_NAME ""
| #define PACKAGE_TARNAME ""
| #define PACKAGE_VERSION ""
| #define PACKAGE_STRING ""
| #define PACKAGE_BUGREPORT ""
| #define PACKAGE_URL ""
| #define PROJECT "cerebro"
| #define VERSION "1.21"
| #define RELEASE "8"
| #define PACKAGE "cerebro"
| #define VERSION "1.21"
| #define STDC_HEADERS 1
| #define HAVE_SYS_TYPES_H 1
| #define HAVE_SYS_STAT_H 1
| #define HAVE_STDLIB_H 1
| #define HAVE_STRING_H 1
| #define HAVE_MEMORY_H 1
| #define HAVE_STRINGS_H 1
| #define HAVE_INTTYPES_H 1
| #define HAVE_STDINT_H 1
| #define HAVE_UNISTD_H 1
| #define HAVE_DLFCN_H 1
| #define LT_OBJDIR ".libs/"
| #define LT_MODULE_EXT ".so"
| #define LT_MODULE_PATH_VAR "LD_LIBRARY_PATH"
| #define LT_DLSEARCH_PATH "/lib64:/usr/lib64:/lib:/usr/lib:/usr/lib64//bind9-export/:/usr/lib64/dyninst:/usr/lib64/qt-3.3/lib:/usr/lib64/robinhood/"
| #define HAVE_LIBDL 1
| #define HAVE_DLERROR 1
| #define HAVE_LIBDLLOADER 1
| #define HAVE_ARGZ_H 1
| #define HAVE_ERROR_T 1
| #define HAVE_ARGZ_ADD 1
| #define HAVE_ARGZ_APPEND 1
| #define HAVE_ARGZ_COUNT 1
| #define HAVE_ARGZ_CREATE_SEP 1
| #define HAVE_ARGZ_INSERT 1
| #define HAVE_ARGZ_NEXT 1
| #define HAVE_ARGZ_STRINGIFY 1
| #define HAVE_WORKING_ARGZ 1
| #define HAVE_PRELOADED_SYMBOLS 1
| #define HAVE_LTDL 1
| #define HAVE_UNISTD_H 1
| #define HAVE_DIRENT_H 1
| #define HAVE_CLOSEDIR 1
| #define HAVE_OPENDIR 1
| #define HAVE_READDIR 1
| /* end confdefs.h.  */
| /* Define strlcpy to an innocuous variant, in case <limits.h> declares strlcpy.
|    For example, HP-UX 11i <limits.h> declares gettimeofday.  */
| #define strlcpy innocuous_strlcpy
| 
| /* System header to define __stub macros and hopefully few prototypes,
|     which can conflict with char strlcpy (); below.
|     Prefer <limits.h> to <assert.h> if __STDC__ is defined, since
|     <limits.h> exists even on freestanding compilers.  */
| 
| #ifdef __STDC__
| # include <limits.h>
| #else
| # include <assert.h>
| #endif
| 
| #undef strlcpy
| 
| /* Override any GCC internal prototype to avoid an error.
|    Use char because int might match the return type of a GCC
|    builtin and then its argument prototype would still apply.  */
| #ifdef __cplusplus
| extern "C"
| #endif
| char strlcpy ();
| /* The GNU C library defines this for functions which it implements
|     to always fail with ENOSYS.  Some functions are actually named
|     something starting with __ and the normal name is an alias.  */
| #if defined __stub_strlcpy || defined __stub___strlcpy
| choke me
| #endif
| 
| int
| main ()
| {
| return strlcpy ();
|   ;
|   return 0;
| }
configure:12975: result: no
configure:13083: checking for pkg-config
configure:13101: found /usr/bin/pkg-config
configure:13113: result: /usr/bin/pkg-config
configure:13138: checking pkg-config is at least version 0.9.0
configure:13141: result: yes
configure:13180: checking whether debugging is enabled
configure:13215: result: no
configure:13222: checking for ANSI C header files
configure:13326: result: yes
configure:13334: checking whether time.h and sys/time.h may both be included
configure:13354: gcc -c -O3 -Wall -fno-strict-aliasing  conftest.c >&5
configure:13354: $? = 0
configure:13361: result: yes
configure:13369: checking for sys/wait.h that is POSIX.1 compatible
configure:13395: gcc -c -O3 -Wall -fno-strict-aliasing  conftest.c >&5
configure:13395: $? = 0
configure:13402: result: yes
configure:13419: checking fcntl.h usability
configure:13419: gcc -c -O3 -Wall -fno-strict-aliasing  conftest.c >&5
configure:13419: $? = 0
configure:13419: result: yes
configure:13419: checking fcntl.h presence
configure:13419: gcc -E  conftest.c
configure:13419: $? = 0
configure:13419: result: yes
configure:13419: checking for fcntl.h
configure:13419: result: yes
configure:13419: checking for unistd.h
configure:13419: result: yes
configure:13419: checking getopt.h usability
configure:13419: gcc -c -O3 -Wall -fno-strict-aliasing  conftest.c >&5
configure:13419: $? = 0
configure:13419: result: yes
configure:13419: checking getopt.h presence
configure:13419: gcc -E  conftest.c
configure:13419: $? = 0
configure:13419: result: yes
configure:13419: checking for getopt.h
configure:13419: result: yes
configure:13419: checking pthread.h usability
configure:13419: gcc -c -O3 -Wall -fno-strict-aliasing  conftest.c >&5
configure:13419: $? = 0
configure:13419: result: yes
configure:13419: checking pthread.h presence
configure:13419: gcc -E  conftest.c
configure:13419: $? = 0
configure:13419: result: yes
configure:13419: checking for pthread.h
configure:13419: result: yes
configure:13419: checking signal.h usability
configure:13419: gcc -c -O3 -Wall -fno-strict-aliasing  conftest.c >&5
configure:13419: $? = 0
configure:13419: result: yes
configure:13419: checking signal.h presence
configure:13419: gcc -E  conftest.c
configure:13419: $? = 0
configure:13419: result: yes
configure:13419: checking for signal.h
configure:13419: result: yes
configure:13459: checking for cerebro config file default path
configure:13473: result: /etc/cerebro.conf
configure:13494: checking for the metric control path
configure:13508: result: "/usr/local/var/run/cerebro_metric_control"
configure:13518: checking for static module compilation
configure:13531: result: no
configure:13559: checking for whether to build cerebrod with only speaker functionality
configure:13573: result: no
configure:13586: checking for whether to build cerebrod with no threads (requires --with-cerebrod-speaker-only
configure:13600: result: no
configure:13634: checking for whether to build genders modules
configure:13648: result: yes
configure:13652: checking for genders_handle_create in -lgenders
configure:13677: gcc -o conftest -O3 -Wall -fno-strict-aliasing   conftest.c -lgenders  -ldl  >&5
/usr/bin/ld: cannot find -lgenders
collect2: error: ld returned 1 exit status
configure:13677: $? = 1
configure: failed program was:
| /* confdefs.h */
| #define PACKAGE_NAME ""
| #define PACKAGE_TARNAME ""
| #define PACKAGE_VERSION ""
| #define PACKAGE_STRING ""
| #define PACKAGE_BUGREPORT ""
| #define PACKAGE_URL ""
| #define PROJECT "cerebro"
| #define VERSION "1.21"
| #define RELEASE "8"
| #define PACKAGE "cerebro"
| #define VERSION "1.21"
| #define STDC_HEADERS 1
| #define HAVE_SYS_TYPES_H 1
| #define HAVE_SYS_STAT_H 1
| #define HAVE_STDLIB_H 1
| #define HAVE_STRING_H 1
| #define HAVE_MEMORY_H 1
| #define HAVE_STRINGS_H 1
| #define HAVE_INTTYPES_H 1
| #define HAVE_STDINT_H 1
| #define HAVE_UNISTD_H 1
| #define HAVE_DLFCN_H 1
| #define LT_OBJDIR ".libs/"
| #define LT_MODULE_EXT ".so"
| #define LT_MODULE_PATH_VAR "LD_LIBRARY_PATH"
| #define LT_DLSEARCH_PATH "/lib64:/usr/lib64:/lib:/usr/lib:/usr/lib64//bind9-export/:/usr/lib64/dyninst:/usr/lib64/qt-3.3/lib:/usr/lib64/robinhood/"
| #define HAVE_LIBDL 1
| #define HAVE_DLERROR 1
| #define HAVE_LIBDLLOADER 1
| #define HAVE_ARGZ_H 1
| #define HAVE_ERROR_T 1
| #define HAVE_ARGZ_ADD 1
| #define HAVE_ARGZ_APPEND 1
| #define HAVE_ARGZ_COUNT 1
| #define HAVE_ARGZ_CREATE_SEP 1
| #define HAVE_ARGZ_INSERT 1
| #define HAVE_ARGZ_NEXT 1
| #define HAVE_ARGZ_STRINGIFY 1
| #define HAVE_WORKING_ARGZ 1
| #define HAVE_PRELOADED_SYMBOLS 1
| #define HAVE_LTDL 1
| #define HAVE_UNISTD_H 1
| #define HAVE_DIRENT_H 1
| #define HAVE_CLOSEDIR 1
| #define HAVE_OPENDIR 1
| #define HAVE_READDIR 1
| #define LT_LIBEXT "a"
| #define LT_LIBPREFIX "lib"
| #define NDEBUG 1
| #define STDC_HEADERS 1
| #define TIME_WITH_SYS_TIME 1
| #define HAVE_SYS_WAIT_H 1
| #define HAVE_FCNTL_H 1
| #define HAVE_UNISTD_H 1
| #define HAVE_GETOPT_H 1
| #define HAVE_PTHREAD_H 1
| #define HAVE_SIGNAL_H 1
| #define CEREBRO_MODULE_DIR "/usr/local/lib/cerebro"
| #define CEREBRO_CONFIG_FILE_DEFAULT "/etc/cerebro.conf"
| /* end confdefs.h.  */
| 
| /* Override any GCC internal prototype to avoid an error.
|    Use char because int might match the return type of a GCC
|    builtin and then its argument prototype would still apply.  */
| #ifdef __cplusplus
| extern "C"
| #endif
| char genders_handle_create ();
| int
| main ()
| {
| return genders_handle_create ();
|   ;
|   return 0;
| }
configure:13686: result: no
configure:13722: checking for whether to build hostsfile module
configure:13736: result: yes
configure:13752: checking for default hostsfile path
configure:13766: result: /etc/hostsfile
configure:13789: checking for whether to build boottime module
configure:13803: result: yes
configure:13832: checking for whether to build loadavg modules
configure:13846: result: yes
configure:13875: checking for whether to build memory modules
configure:13889: result: yes
configure:13918: checking for whether to build network modules
configure:13932: result: yes
configure:13961: checking for whether to build slurm state module
configure:13975: result: yes
configure:13998: checking for the slurm state control path
configure:14012: result: /usr/local/lib/cerebro/cerebro_metric_slurm_state
configure:14035: checking for whether to build shutdown module
configure:14049: result: yes
configure:14078: checking for whether to build updown event module
configure:14092: result: yes
configure:14181: checking whether byte ordering is bigendian
configure:14196: gcc -c -O3 -Wall -fno-strict-aliasing  conftest.c >&5
conftest.c:72:9: error: unknown type name 'not'
         not a universal capable compiler
         ^
conftest.c:72:15: error: expected '=', ',', ';', 'asm' or '__attribute__' before 'universal'
         not a universal capable compiler
               ^
conftest.c:72:15: error: unknown type name 'universal'
configure:14196: $? = 1
configure: failed program was:
| /* confdefs.h */
| #define PACKAGE_NAME ""
| #define PACKAGE_TARNAME ""
| #define PACKAGE_VERSION ""
| #define PACKAGE_STRING ""
| #define PACKAGE_BUGREPORT ""
| #define PACKAGE_URL ""
| #define PROJECT "cerebro"
| #define VERSION "1.21"
| #define RELEASE "8"
| #define PACKAGE "cerebro"
| #define VERSION "1.21"
| #define STDC_HEADERS 1
| #define HAVE_SYS_TYPES_H 1
| #define HAVE_SYS_STAT_H 1
| #define HAVE_STDLIB_H 1
| #define HAVE_STRING_H 1
| #define HAVE_MEMORY_H 1
| #define HAVE_STRINGS_H 1
| #define HAVE_INTTYPES_H 1
| #define HAVE_STDINT_H 1
| #define HAVE_UNISTD_H 1
| #define HAVE_DLFCN_H 1
| #define LT_OBJDIR ".libs/"
| #define LT_MODULE_EXT ".so"
| #define LT_MODULE_PATH_VAR "LD_LIBRARY_PATH"
| #define LT_DLSEARCH_PATH "/lib64:/usr/lib64:/lib:/usr/lib:/usr/lib64//bind9-export/:/usr/lib64/dyninst:/usr/lib64/qt-3.3/lib:/usr/lib64/robinhood/"
| #define HAVE_LIBDL 1
| #define HAVE_DLERROR 1
| #define HAVE_LIBDLLOADER 1
| #define HAVE_ARGZ_H 1
| #define HAVE_ERROR_T 1
| #define HAVE_ARGZ_ADD 1
| #define HAVE_ARGZ_APPEND 1
| #define HAVE_ARGZ_COUNT 1
| #define HAVE_ARGZ_CREATE_SEP 1
| #define HAVE_ARGZ_INSERT 1
| #define HAVE_ARGZ_NEXT 1
| #define HAVE_ARGZ_STRINGIFY 1
| #define HAVE_WORKING_ARGZ 1
| #define HAVE_PRELOADED_SYMBOLS 1
| #define HAVE_LTDL 1
| #define HAVE_UNISTD_H 1
| #define HAVE_DIRENT_H 1
| #define HAVE_CLOSEDIR 1
| #define HAVE_OPENDIR 1
| #define HAVE_READDIR 1
| #define LT_LIBEXT "a"
| #define LT_LIBPREFIX "lib"
| #define NDEBUG 1
| #define STDC_HEADERS 1
| #define TIME_WITH_SYS_TIME 1
| #define HAVE_SYS_WAIT_H 1
| #define HAVE_FCNTL_H 1
| #define HAVE_UNISTD_H 1
| #define HAVE_GETOPT_H 1
| #define HAVE_PTHREAD_H 1
| #define HAVE_SIGNAL_H 1
| #define CEREBRO_MODULE_DIR "/usr/local/lib/cerebro"
| #define CEREBRO_CONFIG_FILE_DEFAULT "/etc/cerebro.conf"
| #define CEREBRO_CLUSTERLIST_HOSTSFILE_DEFAULT "/etc/hostsfile"
| #define WITH_BOOTTIME 1
| #define WITH_LOADAVG 1
| #define WITH_MEMORY 1
| #define WITH_NETWORK 1
| #define WITH_SLURM_STATE 1
| #define SLURM_STATE_CONTROL_PATH "/usr/local/lib/cerebro/cerebro_metric_slurm_state"
| #define WITH_SHUTDOWN 1
| #define WITH_UPDOWN 1
| /* end confdefs.h.  */
| #ifndef __APPLE_CC__
| 	       not a universal capable compiler
| 	     #endif
| 	     typedef int dummy;
| 
configure:14241: gcc -c -O3 -Wall -fno-strict-aliasing  conftest.c >&5
configure:14241: $? = 0
configure:14259: gcc -c -O3 -Wall -fno-strict-aliasing  conftest.c >&5
conftest.c: In function 'main':
conftest.c:78:4: error: unknown type name 'not'
    not big endian
    ^
conftest.c:78:12: error: expected '=', ',', ';', 'asm' or '__attribute__' before 'endian'
    not big endian
            ^
configure:14259: $? = 1
configure: failed program was:
| /* confdefs.h */
| #define PACKAGE_NAME ""
| #define PACKAGE_TARNAME ""
| #define PACKAGE_VERSION ""
| #define PACKAGE_STRING ""
| #define PACKAGE_BUGREPORT ""
| #define PACKAGE_URL ""
| #define PROJECT "cerebro"
| #define VERSION "1.21"
| #define RELEASE "8"
| #define PACKAGE "cerebro"
| #define VERSION "1.21"
| #define STDC_HEADERS 1
| #define HAVE_SYS_TYPES_H 1
| #define HAVE_SYS_STAT_H 1
| #define HAVE_STDLIB_H 1
| #define HAVE_STRING_H 1
| #define HAVE_MEMORY_H 1
| #define HAVE_STRINGS_H 1
| #define HAVE_INTTYPES_H 1
| #define HAVE_STDINT_H 1
| #define HAVE_UNISTD_H 1
| #define HAVE_DLFCN_H 1
| #define LT_OBJDIR ".libs/"
| #define LT_MODULE_EXT ".so"
| #define LT_MODULE_PATH_VAR "LD_LIBRARY_PATH"
| #define LT_DLSEARCH_PATH "/lib64:/usr/lib64:/lib:/usr/lib:/usr/lib64//bind9-export/:/usr/lib64/dyninst:/usr/lib64/qt-3.3/lib:/usr/lib64/robinhood/"
| #define HAVE_LIBDL 1
| #define HAVE_DLERROR 1
| #define HAVE_LIBDLLOADER 1
| #define HAVE_ARGZ_H 1
| #define HAVE_ERROR_T 1
| #define HAVE_ARGZ_ADD 1
| #define HAVE_ARGZ_APPEND 1
| #define HAVE_ARGZ_COUNT 1
| #define HAVE_ARGZ_CREATE_SEP 1
| #define HAVE_ARGZ_INSERT 1
| #define HAVE_ARGZ_NEXT 1
| #define HAVE_ARGZ_STRINGIFY 1
| #define HAVE_WORKING_ARGZ 1
| #define HAVE_PRELOADED_SYMBOLS 1
| #define HAVE_LTDL 1
| #define HAVE_UNISTD_H 1
| #define HAVE_DIRENT_H 1
| #define HAVE_CLOSEDIR 1
| #define HAVE_OPENDIR 1
| #define HAVE_READDIR 1
| #define LT_LIBEXT "a"
| #define LT_LIBPREFIX "lib"
| #define NDEBUG 1
| #define STDC_HEADERS 1
| #define TIME_WITH_SYS_TIME 1
| #define HAVE_SYS_WAIT_H 1
| #define HAVE_FCNTL_H 1
| #define HAVE_UNISTD_H 1
| #define HAVE_GETOPT_H 1
| #define HAVE_PTHREAD_H 1
| #define HAVE_SIGNAL_H 1
| #define CEREBRO_MODULE_DIR "/usr/local/lib/cerebro"
| #define CEREBRO_CONFIG_FILE_DEFAULT "/etc/cerebro.conf"
| #define CEREBRO_CLUSTERLIST_HOSTSFILE_DEFAULT "/etc/hostsfile"
| #define WITH_BOOTTIME 1
| #define WITH_LOADAVG 1
| #define WITH_MEMORY 1
| #define WITH_NETWORK 1
| #define WITH_SLURM_STATE 1
| #define SLURM_STATE_CONTROL_PATH "/usr/local/lib/cerebro/cerebro_metric_slurm_state"
| #define WITH_SHUTDOWN 1
| #define WITH_UPDOWN 1
| /* end confdefs.h.  */
| #include <sys/types.h>
| 		#include <sys/param.h>
| 
| int
| main ()
| {
| #if BYTE_ORDER != BIG_ENDIAN
| 		 not big endian
| 		#endif
| 
|   ;
|   return 0;
| }
configure:14387: result: no
configure:14405: checking for an ANSI C-conforming const
configure:14471: gcc -c -O3 -Wall -fno-strict-aliasing  conftest.c >&5
configure:14471: $? = 0
configure:14478: result: yes
configure:14486: checking for uid_t in sys/types.h
configure:14505: result: yes
configure:14517: checking for sa_len in struct sockaddr
configure:14533: gcc -c -O3 -Wall -fno-strict-aliasing  conftest.c >&5
conftest.c:71:24: warning: extra tokens at end of #include directive [enabled by default]
 #include <sys/types.h> #include <sys/socket.h>
                        ^
conftest.c: In function 'main':
conftest.c:75:17: error: storage size of 's' isn't known
 struct sockaddr s; s.sa_len;
                 ^
conftest.c:75:17: warning: unused variable 's' [-Wunused-variable]
configure:14533: $? = 1
configure: failed program was:
| /* confdefs.h */
| #define PACKAGE_NAME ""
| #define PACKAGE_TARNAME ""
| #define PACKAGE_VERSION ""
| #define PACKAGE_STRING ""
| #define PACKAGE_BUGREPORT ""
| #define PACKAGE_URL ""
| #define PROJECT "cerebro"
| #define VERSION "1.21"
| #define RELEASE "8"
| #define PACKAGE "cerebro"
| #define VERSION "1.21"
| #define STDC_HEADERS 1
| #define HAVE_SYS_TYPES_H 1
| #define HAVE_SYS_STAT_H 1
| #define HAVE_STDLIB_H 1
| #define HAVE_STRING_H 1
| #define HAVE_MEMORY_H 1
| #define HAVE_STRINGS_H 1
| #define HAVE_INTTYPES_H 1
| #define HAVE_STDINT_H 1
| #define HAVE_UNISTD_H 1
| #define HAVE_DLFCN_H 1
| #define LT_OBJDIR ".libs/"
| #define LT_MODULE_EXT ".so"
| #define LT_MODULE_PATH_VAR "LD_LIBRARY_PATH"
| #define LT_DLSEARCH_PATH "/lib64:/usr/lib64:/lib:/usr/lib:/usr/lib64//bind9-export/:/usr/lib64/dyninst:/usr/lib64/qt-3.3/lib:/usr/lib64/robinhood/"
| #define HAVE_LIBDL 1
| #define HAVE_DLERROR 1
| #define HAVE_LIBDLLOADER 1
| #define HAVE_ARGZ_H 1
| #define HAVE_ERROR_T 1
| #define HAVE_ARGZ_ADD 1
| #define HAVE_ARGZ_APPEND 1
| #define HAVE_ARGZ_COUNT 1
| #define HAVE_ARGZ_CREATE_SEP 1
| #define HAVE_ARGZ_INSERT 1
| #define HAVE_ARGZ_NEXT 1
| #define HAVE_ARGZ_STRINGIFY 1
| #define HAVE_WORKING_ARGZ 1
| #define HAVE_PRELOADED_SYMBOLS 1
| #define HAVE_LTDL 1
| #define HAVE_UNISTD_H 1
| #define HAVE_DIRENT_H 1
| #define HAVE_CLOSEDIR 1
| #define HAVE_OPENDIR 1
| #define HAVE_READDIR 1
| #define LT_LIBEXT "a"
| #define LT_LIBPREFIX "lib"
| #define NDEBUG 1
| #define STDC_HEADERS 1
| #define TIME_WITH_SYS_TIME 1
| #define HAVE_SYS_WAIT_H 1
| #define HAVE_FCNTL_H 1
| #define HAVE_UNISTD_H 1
| #define HAVE_GETOPT_H 1
| #define HAVE_PTHREAD_H 1
| #define HAVE_SIGNAL_H 1
| #define CEREBRO_MODULE_DIR "/usr/local/lib/cerebro"
| #define CEREBRO_CONFIG_FILE_DEFAULT "/etc/cerebro.conf"
| #define CEREBRO_CLUSTERLIST_HOSTSFILE_DEFAULT "/etc/hostsfile"
| #define WITH_BOOTTIME 1
| #define WITH_LOADAVG 1
| #define WITH_MEMORY 1
| #define WITH_NETWORK 1
| #define WITH_SLURM_STATE 1
| #define SLURM_STATE_CONTROL_PATH "/usr/local/lib/cerebro/cerebro_metric_slurm_state"
| #define WITH_SHUTDOWN 1
| #define WITH_UPDOWN 1
| /* end confdefs.h.  */
| #include <sys/types.h> #include <sys/socket.h>
| int
| main ()
| {
| struct sockaddr s; s.sa_len;
|   ;
|   return 0;
| }
configure:14540: result: no
configure:14551: checking whether AF_INET6 is declared
configure:14551: gcc -c -O3 -Wall -fno-strict-aliasing  conftest.c >&5
configure:14551: $? = 0
configure:14551: result: yes
configure:14578: checking for strcmp
configure:14578: gcc -o conftest -O3 -Wall -fno-strict-aliasing   conftest.c -ldl  >&5
conftest.c:95:6: warning: conflicting types for built-in function 'strcmp' [enabled by default]
 char strcmp ();
      ^
configure:14578: $? = 0
configure:14578: result: yes
configure:14578: checking for strlen
configure:14578: gcc -o conftest -O3 -Wall -fno-strict-aliasing   conftest.c -ldl  >&5
conftest.c:96:6: warning: conflicting types for built-in function 'strlen' [enabled by default]
 char strlen ();
      ^
configure:14578: $? = 0
configure:14578: result: yes
configure:14578: checking for strcpy
configure:14578: gcc -o conftest -O3 -Wall -fno-strict-aliasing   conftest.c -ldl  >&5
conftest.c:97:6: warning: conflicting types for built-in function 'strcpy' [enabled by default]
 char strcpy ();
      ^
configure:14578: $? = 0
configure:14578: result: yes
configure:14578: checking for strchr
configure:14578: gcc -o conftest -O3 -Wall -fno-strict-aliasing   conftest.c -ldl  >&5
conftest.c:98:6: warning: conflicting types for built-in function 'strchr' [enabled by default]
 char strchr ();
      ^
configure:14578: $? = 0
configure:14578: result: yes
configure:14578: checking for strsep
configure:14578: gcc -o conftest -O3 -Wall -fno-strict-aliasing   conftest.c -ldl  >&5
configure:14578: $? = 0
configure:14578: result: yes
configure:14578: checking for strspn
configure:14578: gcc -o conftest -O3 -Wall -fno-strict-aliasing   conftest.c -ldl  >&5
conftest.c:100:6: warning: conflicting types for built-in function 'strspn' [enabled by default]
 char strspn ();
      ^
configure:14578: $? = 0
configure:14578: result: yes
configure:14578: checking for strtok_r
configure:14578: gcc -o conftest -O3 -Wall -fno-strict-aliasing   conftest.c -ldl  >&5
configure:14578: $? = 0
configure:14578: result: yes
configure:14578: checking for getopt_long
configure:14578: gcc -o conftest -O3 -Wall -fno-strict-aliasing   conftest.c -ldl  >&5
configure:14578: $? = 0
configure:14578: result: yes
configure:14578: checking for gethostbyname
configure:14578: gcc -o conftest -O3 -Wall -fno-strict-aliasing   conftest.c -ldl  >&5
configure:14578: $? = 0
configure:14578: result: yes
configure:14578: checking for gethostbyname_r
configure:14578: gcc -o conftest -O3 -Wall -fno-strict-aliasing   conftest.c -ldl  >&5
configure:14578: $? = 0
configure:14578: result: yes
configure:14588: checking for which type of gethostbyname_r
configure:14594: checking for gethostbyname_r
configure:14594: result: yes
configure:14617: gcc -c -O3 -Wall -fno-strict-aliasing  conftest.c >&5
conftest.c: In function 'main':
conftest.c:92:29: error: storage size of 'data' isn't known
         struct hostent_data data;
                             ^
conftest.c:93:9: error: too few arguments to function 'gethostbyname_r'
         (void) gethostbyname_r(name, he, &data);
         ^
In file included from conftest.c:83:0:
/usr/include/netdb.h:179:12: note: declared here
 extern int gethostbyname_r (const char *__restrict __name,
            ^
conftest.c:92:29: warning: unused variable 'data' [-Wunused-variable]
         struct hostent_data data;
                             ^
configure:14617: $? = 1
configure: failed program was:
| /* confdefs.h */
| #define PACKAGE_NAME ""
| #define PACKAGE_TARNAME ""
| #define PACKAGE_VERSION ""
| #define PACKAGE_STRING ""
| #define PACKAGE_BUGREPORT ""
| #define PACKAGE_URL ""
| #define PROJECT "cerebro"
| #define VERSION "1.21"
| #define RELEASE "8"
| #define PACKAGE "cerebro"
| #define VERSION "1.21"
| #define STDC_HEADERS 1
| #define HAVE_SYS_TYPES_H 1
| #define HAVE_SYS_STAT_H 1
| #define HAVE_STDLIB_H 1
| #define HAVE_STRING_H 1
| #define HAVE_MEMORY_H 1
| #define HAVE_STRINGS_H 1
| #define HAVE_INTTYPES_H 1
| #define HAVE_STDINT_H 1
| #define HAVE_UNISTD_H 1
| #define HAVE_DLFCN_H 1
| #define LT_OBJDIR ".libs/"
| #define LT_MODULE_EXT ".so"
| #define LT_MODULE_PATH_VAR "LD_LIBRARY_PATH"
| #define LT_DLSEARCH_PATH "/lib64:/usr/lib64:/lib:/usr/lib:/usr/lib64//bind9-export/:/usr/lib64/dyninst:/usr/lib64/qt-3.3/lib:/usr/lib64/robinhood/"
| #define HAVE_LIBDL 1
| #define HAVE_DLERROR 1
| #define HAVE_LIBDLLOADER 1
| #define HAVE_ARGZ_H 1
| #define HAVE_ERROR_T 1
| #define HAVE_ARGZ_ADD 1
| #define HAVE_ARGZ_APPEND 1
| #define HAVE_ARGZ_COUNT 1
| #define HAVE_ARGZ_CREATE_SEP 1
| #define HAVE_ARGZ_INSERT 1
| #define HAVE_ARGZ_NEXT 1
| #define HAVE_ARGZ_STRINGIFY 1
| #define HAVE_WORKING_ARGZ 1
| #define HAVE_PRELOADED_SYMBOLS 1
| #define HAVE_LTDL 1
| #define HAVE_UNISTD_H 1
| #define HAVE_DIRENT_H 1
| #define HAVE_CLOSEDIR 1
| #define HAVE_OPENDIR 1
| #define HAVE_READDIR 1
| #define LT_LIBEXT "a"
| #define LT_LIBPREFIX "lib"
| #define NDEBUG 1
| #define STDC_HEADERS 1
| #define TIME_WITH_SYS_TIME 1
| #define HAVE_SYS_WAIT_H 1
| #define HAVE_FCNTL_H 1
| #define HAVE_UNISTD_H 1
| #define HAVE_GETOPT_H 1
| #define HAVE_PTHREAD_H 1
| #define HAVE_SIGNAL_H 1
| #define CEREBRO_MODULE_DIR "/usr/local/lib/cerebro"
| #define CEREBRO_CONFIG_FILE_DEFAULT "/etc/cerebro.conf"
| #define CEREBRO_CLUSTERLIST_HOSTSFILE_DEFAULT "/etc/hostsfile"
| #define WITH_BOOTTIME 1
| #define WITH_LOADAVG 1
| #define WITH_MEMORY 1
| #define WITH_NETWORK 1
| #define WITH_SLURM_STATE 1
| #define SLURM_STATE_CONTROL_PATH "/usr/local/lib/cerebro/cerebro_metric_slurm_state"
| #define WITH_SHUTDOWN 1
| #define WITH_UPDOWN 1
| #define HAVE_IPV6 1
| #define HAVE_STRCMP 1
| #define HAVE_STRLEN 1
| #define HAVE_STRCPY 1
| #define HAVE_STRCHR 1
| #define HAVE_STRSEP 1
| #define HAVE_STRSPN 1
| #define HAVE_STRTOK_R 1
| #define HAVE_GETOPT_LONG 1
| #define HAVE_GETHOSTBYNAME 1
| #define HAVE_GETHOSTBYNAME_R 1
| /* end confdefs.h.  */
| 
| #               include <netdb.h>
| 
| int
| main ()
| {
| 
| 
|         char *name;
|         struct hostent *he;
|         struct hostent_data data;
|         (void) gethostbyname_r(name, he, &data);
| 
| 
|   ;
|   return 0;
| }
configure:14641: gcc -c -O3 -Wall -fno-strict-aliasing  conftest.c >&5
conftest.c: In function 'main':
conftest.c:94:9: warning: 'name' is used uninitialized in this function [-Wuninitialized]
         (void) gethostbyname_r(name, he, buffer, buflen, &res, &h_errnop)
         ^
conftest.c:94:9: warning: 'he' is used uninitialized in this function [-Wuninitialized]
configure:14641: $? = 0
configure:14687: result: six
configure:14825: checking for the pthreads library -lpthreads
configure:14858: gcc -o conftest -O3 -Wall -fno-strict-aliasing    conftest.c -lpthreads -ldl  >&5
conftest.c: In function 'main':
conftest.c:88:22: warning: null argument where non-null required (argument 1) [-Wnonnull]
                      pthread_attr_init(0); pthread_cleanup_push(0, 0);
                      ^
conftest.c:89:22: warning: null argument where non-null required (argument 1) [-Wnonnull]
                      pthread_create(0,0,0,0); pthread_cleanup_pop(0);
                      ^
conftest.c:89:22: warning: null argument where non-null required (argument 3) [-Wnonnull]
conftest.c:87:27: warning: 'th' is used uninitialized in this function [-Wuninitialized]
 pthread_t th; pthread_join(th, 0);
                           ^
/usr/bin/ld: cannot find -lpthreads
collect2: error: ld returned 1 exit status
configure:14858: $? = 1
configure: failed program was:
| /* confdefs.h */
| #define PACKAGE_NAME ""
| #define PACKAGE_TARNAME ""
| #define PACKAGE_VERSION ""
| #define PACKAGE_STRING ""
| #define PACKAGE_BUGREPORT ""
| #define PACKAGE_URL ""
| #define PROJECT "cerebro"
| #define VERSION "1.21"
| #define RELEASE "8"
| #define PACKAGE "cerebro"
| #define VERSION "1.21"
| #define STDC_HEADERS 1
| #define HAVE_SYS_TYPES_H 1
| #define HAVE_SYS_STAT_H 1
| #define HAVE_STDLIB_H 1
| #define HAVE_STRING_H 1
| #define HAVE_MEMORY_H 1
| #define HAVE_STRINGS_H 1
| #define HAVE_INTTYPES_H 1
| #define HAVE_STDINT_H 1
| #define HAVE_UNISTD_H 1
| #define HAVE_DLFCN_H 1
| #define LT_OBJDIR ".libs/"
| #define LT_MODULE_EXT ".so"
| #define LT_MODULE_PATH_VAR "LD_LIBRARY_PATH"
| #define LT_DLSEARCH_PATH "/lib64:/usr/lib64:/lib:/usr/lib:/usr/lib64//bind9-export/:/usr/lib64/dyninst:/usr/lib64/qt-3.3/lib:/usr/lib64/robinhood/"
| #define HAVE_LIBDL 1
| #define HAVE_DLERROR 1
| #define HAVE_LIBDLLOADER 1
| #define HAVE_ARGZ_H 1
| #define HAVE_ERROR_T 1
| #define HAVE_ARGZ_ADD 1
| #define HAVE_ARGZ_APPEND 1
| #define HAVE_ARGZ_COUNT 1
| #define HAVE_ARGZ_CREATE_SEP 1
| #define HAVE_ARGZ_INSERT 1
| #define HAVE_ARGZ_NEXT 1
| #define HAVE_ARGZ_STRINGIFY 1
| #define HAVE_WORKING_ARGZ 1
| #define HAVE_PRELOADED_SYMBOLS 1
| #define HAVE_LTDL 1
| #define HAVE_UNISTD_H 1
| #define HAVE_DIRENT_H 1
| #define HAVE_CLOSEDIR 1
| #define HAVE_OPENDIR 1
| #define HAVE_READDIR 1
| #define LT_LIBEXT "a"
| #define LT_LIBPREFIX "lib"
| #define NDEBUG 1
| #define STDC_HEADERS 1
| #define TIME_WITH_SYS_TIME 1
| #define HAVE_SYS_WAIT_H 1
| #define HAVE_FCNTL_H 1
| #define HAVE_UNISTD_H 1
| #define HAVE_GETOPT_H 1
| #define HAVE_PTHREAD_H 1
| #define HAVE_SIGNAL_H 1
| #define CEREBRO_MODULE_DIR "/usr/local/lib/cerebro"
| #define CEREBRO_CONFIG_FILE_DEFAULT "/etc/cerebro.conf"
| #define CEREBRO_CLUSTERLIST_HOSTSFILE_DEFAULT "/etc/hostsfile"
| #define WITH_BOOTTIME 1
| #define WITH_LOADAVG 1
| #define WITH_MEMORY 1
| #define WITH_NETWORK 1
| #define WITH_SLURM_STATE 1
| #define SLURM_STATE_CONTROL_PATH "/usr/local/lib/cerebro/cerebro_metric_slurm_state"
| #define WITH_SHUTDOWN 1
| #define WITH_UPDOWN 1
| #define HAVE_IPV6 1
| #define HAVE_STRCMP 1
| #define HAVE_STRLEN 1
| #define HAVE_STRCPY 1
| #define HAVE_STRCHR 1
| #define HAVE_STRSEP 1
| #define HAVE_STRSPN 1
| #define HAVE_STRTOK_R 1
| #define HAVE_GETOPT_LONG 1
| #define HAVE_GETHOSTBYNAME 1
| #define HAVE_GETHOSTBYNAME_R 1
| #define HAVE_FUNC_GETHOSTBYNAME_R_6 /**/
| /* end confdefs.h.  */
| #include <pthread.h>
| int
| main ()
| {
| pthread_t th; pthread_join(th, 0);
|                      pthread_attr_init(0); pthread_cleanup_push(0, 0);
|                      pthread_create(0,0,0,0); pthread_cleanup_pop(0);
|   ;
|   return 0;
| }
configure:14867: result: no
configure:14814: checking whether pthreads work without any flags
configure:14858: gcc -o conftest -O3 -Wall -fno-strict-aliasing    conftest.c  -ldl  >&5
conftest.c: In function 'main':
conftest.c:88:22: warning: null argument where non-null required (argument 1) [-Wnonnull]
                      pthread_attr_init(0); pthread_cleanup_push(0, 0);
                      ^
conftest.c:89:22: warning: null argument where non-null required (argument 1) [-Wnonnull]
                      pthread_create(0,0,0,0); pthread_cleanup_pop(0);
                      ^
conftest.c:89:22: warning: null argument where non-null required (argument 3) [-Wnonnull]
conftest.c:87:27: warning: 'th' is used uninitialized in this function [-Wuninitialized]
 pthread_t th; pthread_join(th, 0);
                           ^
/tmp/ccB6Oxde.o: In function `main':
conftest.c:(.text.startup+0x9): undefined reference to `pthread_join'
conftest.c:(.text.startup+0x26): undefined reference to `__pthread_register_cancel'
conftest.c:(.text.startup+0x33): undefined reference to `pthread_create'
conftest.c:(.text.startup+0x3b): undefined reference to `__pthread_unregister_cancel'
collect2: error: ld returned 1 exit status
configure:14858: $? = 1
configure: failed program was:
| /* confdefs.h */
| #define PACKAGE_NAME ""
| #define PACKAGE_TARNAME ""
| #define PACKAGE_VERSION ""
| #define PACKAGE_STRING ""
| #define PACKAGE_BUGREPORT ""
| #define PACKAGE_URL ""
| #define PROJECT "cerebro"
| #define VERSION "1.21"
| #define RELEASE "8"
| #define PACKAGE "cerebro"
| #define VERSION "1.21"
| #define STDC_HEADERS 1
| #define HAVE_SYS_TYPES_H 1
| #define HAVE_SYS_STAT_H 1
| #define HAVE_STDLIB_H 1
| #define HAVE_STRING_H 1
| #define HAVE_MEMORY_H 1
| #define HAVE_STRINGS_H 1
| #define HAVE_INTTYPES_H 1
| #define HAVE_STDINT_H 1
| #define HAVE_UNISTD_H 1
| #define HAVE_DLFCN_H 1
| #define LT_OBJDIR ".libs/"
| #define LT_MODULE_EXT ".so"
| #define LT_MODULE_PATH_VAR "LD_LIBRARY_PATH"
| #define LT_DLSEARCH_PATH "/lib64:/usr/lib64:/lib:/usr/lib:/usr/lib64//bind9-export/:/usr/lib64/dyninst:/usr/lib64/qt-3.3/lib:/usr/lib64/robinhood/"
| #define HAVE_LIBDL 1
| #define HAVE_DLERROR 1
| #define HAVE_LIBDLLOADER 1
| #define HAVE_ARGZ_H 1
| #define HAVE_ERROR_T 1
| #define HAVE_ARGZ_ADD 1
| #define HAVE_ARGZ_APPEND 1
| #define HAVE_ARGZ_COUNT 1
| #define HAVE_ARGZ_CREATE_SEP 1
| #define HAVE_ARGZ_INSERT 1
| #define HAVE_ARGZ_NEXT 1
| #define HAVE_ARGZ_STRINGIFY 1
| #define HAVE_WORKING_ARGZ 1
| #define HAVE_PRELOADED_SYMBOLS 1
| #define HAVE_LTDL 1
| #define HAVE_UNISTD_H 1
| #define HAVE_DIRENT_H 1
| #define HAVE_CLOSEDIR 1
| #define HAVE_OPENDIR 1
| #define HAVE_READDIR 1
| #define LT_LIBEXT "a"
| #define LT_LIBPREFIX "lib"
| #define NDEBUG 1
| #define STDC_HEADERS 1
| #define TIME_WITH_SYS_TIME 1
| #define HAVE_SYS_WAIT_H 1
| #define HAVE_FCNTL_H 1
| #define HAVE_UNISTD_H 1
| #define HAVE_GETOPT_H 1
| #define HAVE_PTHREAD_H 1
| #define HAVE_SIGNAL_H 1
| #define CEREBRO_MODULE_DIR "/usr/local/lib/cerebro"
| #define CEREBRO_CONFIG_FILE_DEFAULT "/etc/cerebro.conf"
| #define CEREBRO_CLUSTERLIST_HOSTSFILE_DEFAULT "/etc/hostsfile"
| #define WITH_BOOTTIME 1
| #define WITH_LOADAVG 1
| #define WITH_MEMORY 1
| #define WITH_NETWORK 1
| #define WITH_SLURM_STATE 1
| #define SLURM_STATE_CONTROL_PATH "/usr/local/lib/cerebro/cerebro_metric_slurm_state"
| #define WITH_SHUTDOWN 1
| #define WITH_UPDOWN 1
| #define HAVE_IPV6 1
| #define HAVE_STRCMP 1
| #define HAVE_STRLEN 1
| #define HAVE_STRCPY 1
| #define HAVE_STRCHR 1
| #define HAVE_STRSEP 1
| #define HAVE_STRSPN 1
| #define HAVE_STRTOK_R 1
| #define HAVE_GETOPT_LONG 1
| #define HAVE_GETHOSTBYNAME 1
| #define HAVE_GETHOSTBYNAME_R 1
| #define HAVE_FUNC_GETHOSTBYNAME_R_6 /**/
| /* end confdefs.h.  */
| #include <pthread.h>
| int
| main ()
| {
| pthread_t th; pthread_join(th, 0);
|                      pthread_attr_init(0); pthread_cleanup_push(0, 0);
|                      pthread_create(0,0,0,0); pthread_cleanup_pop(0);
|   ;
|   return 0;
| }
configure:14867: result: no
configure:14819: checking whether pthreads work with -Kthread
configure:14858: gcc -o conftest -O3 -Wall -fno-strict-aliasing -Kthread   conftest.c  -ldl  >&5
gcc: error: unrecognized command line option '-Kthread'
configure:14858: $? = 1
configure: failed program was:
| /* confdefs.h */
| #define PACKAGE_NAME ""
| #define PACKAGE_TARNAME ""
| #define PACKAGE_VERSION ""
| #define PACKAGE_STRING ""
| #define PACKAGE_BUGREPORT ""
| #define PACKAGE_URL ""
| #define PROJECT "cerebro"
| #define VERSION "1.21"
| #define RELEASE "8"
| #define PACKAGE "cerebro"
| #define VERSION "1.21"
| #define STDC_HEADERS 1
| #define HAVE_SYS_TYPES_H 1
| #define HAVE_SYS_STAT_H 1
| #define HAVE_STDLIB_H 1
| #define HAVE_STRING_H 1
| #define HAVE_MEMORY_H 1
| #define HAVE_STRINGS_H 1
| #define HAVE_INTTYPES_H 1
| #define HAVE_STDINT_H 1
| #define HAVE_UNISTD_H 1
| #define HAVE_DLFCN_H 1
| #define LT_OBJDIR ".libs/"
| #define LT_MODULE_EXT ".so"
| #define LT_MODULE_PATH_VAR "LD_LIBRARY_PATH"
| #define LT_DLSEARCH_PATH "/lib64:/usr/lib64:/lib:/usr/lib:/usr/lib64//bind9-export/:/usr/lib64/dyninst:/usr/lib64/qt-3.3/lib:/usr/lib64/robinhood/"
| #define HAVE_LIBDL 1
| #define HAVE_DLERROR 1
| #define HAVE_LIBDLLOADER 1
| #define HAVE_ARGZ_H 1
| #define HAVE_ERROR_T 1
| #define HAVE_ARGZ_ADD 1
| #define HAVE_ARGZ_APPEND 1
| #define HAVE_ARGZ_COUNT 1
| #define HAVE_ARGZ_CREATE_SEP 1
| #define HAVE_ARGZ_INSERT 1
| #define HAVE_ARGZ_NEXT 1
| #define HAVE_ARGZ_STRINGIFY 1
| #define HAVE_WORKING_ARGZ 1
| #define HAVE_PRELOADED_SYMBOLS 1
| #define HAVE_LTDL 1
| #define HAVE_UNISTD_H 1
| #define HAVE_DIRENT_H 1
| #define HAVE_CLOSEDIR 1
| #define HAVE_OPENDIR 1
| #define HAVE_READDIR 1
| #define LT_LIBEXT "a"
| #define LT_LIBPREFIX "lib"
| #define NDEBUG 1
| #define STDC_HEADERS 1
| #define TIME_WITH_SYS_TIME 1
| #define HAVE_SYS_WAIT_H 1
| #define HAVE_FCNTL_H 1
| #define HAVE_UNISTD_H 1
| #define HAVE_GETOPT_H 1
| #define HAVE_PTHREAD_H 1
| #define HAVE_SIGNAL_H 1
| #define CEREBRO_MODULE_DIR "/usr/local/lib/cerebro"
| #define CEREBRO_CONFIG_FILE_DEFAULT "/etc/cerebro.conf"
| #define CEREBRO_CLUSTERLIST_HOSTSFILE_DEFAULT "/etc/hostsfile"
| #define WITH_BOOTTIME 1
| #define WITH_LOADAVG 1
| #define WITH_MEMORY 1
| #define WITH_NETWORK 1
| #define WITH_SLURM_STATE 1
| #define SLURM_STATE_CONTROL_PATH "/usr/local/lib/cerebro/cerebro_metric_slurm_state"
| #define WITH_SHUTDOWN 1
| #define WITH_UPDOWN 1
| #define HAVE_IPV6 1
| #define HAVE_STRCMP 1
| #define HAVE_STRLEN 1
| #define HAVE_STRCPY 1
| #define HAVE_STRCHR 1
| #define HAVE_STRSEP 1
| #define HAVE_STRSPN 1
| #define HAVE_STRTOK_R 1
| #define HAVE_GETOPT_LONG 1
| #define HAVE_GETHOSTBYNAME 1
| #define HAVE_GETHOSTBYNAME_R 1
| #define HAVE_FUNC_GETHOSTBYNAME_R_6 /**/
| /* end confdefs.h.  */
| #include <pthread.h>
| int
| main ()
| {
| pthread_t th; pthread_join(th, 0);
|                      pthread_attr_init(0); pthread_cleanup_push(0, 0);
|                      pthread_create(0,0,0,0); pthread_cleanup_pop(0);
|   ;
|   return 0;
| }
configure:14867: result: no
configure:14819: checking whether pthreads work with -kthread
configure:14858: gcc -o conftest -O3 -Wall -fno-strict-aliasing -kthread   conftest.c  -ldl  >&5
gcc: error: unrecognized command line option '-kthread'
configure:14858: $? = 1
configure: failed program was:
| /* confdefs.h */
| #define PACKAGE_NAME ""
| #define PACKAGE_TARNAME ""
| #define PACKAGE_VERSION ""
| #define PACKAGE_STRING ""
| #define PACKAGE_BUGREPORT ""
| #define PACKAGE_URL ""
| #define PROJECT "cerebro"
| #define VERSION "1.21"
| #define RELEASE "8"
| #define PACKAGE "cerebro"
| #define VERSION "1.21"
| #define STDC_HEADERS 1
| #define HAVE_SYS_TYPES_H 1
| #define HAVE_SYS_STAT_H 1
| #define HAVE_STDLIB_H 1
| #define HAVE_STRING_H 1
| #define HAVE_MEMORY_H 1
| #define HAVE_STRINGS_H 1
| #define HAVE_INTTYPES_H 1
| #define HAVE_STDINT_H 1
| #define HAVE_UNISTD_H 1
| #define HAVE_DLFCN_H 1
| #define LT_OBJDIR ".libs/"
| #define LT_MODULE_EXT ".so"
| #define LT_MODULE_PATH_VAR "LD_LIBRARY_PATH"
| #define LT_DLSEARCH_PATH "/lib64:/usr/lib64:/lib:/usr/lib:/usr/lib64//bind9-export/:/usr/lib64/dyninst:/usr/lib64/qt-3.3/lib:/usr/lib64/robinhood/"
| #define HAVE_LIBDL 1
| #define HAVE_DLERROR 1
| #define HAVE_LIBDLLOADER 1
| #define HAVE_ARGZ_H 1
| #define HAVE_ERROR_T 1
| #define HAVE_ARGZ_ADD 1
| #define HAVE_ARGZ_APPEND 1
| #define HAVE_ARGZ_COUNT 1
| #define HAVE_ARGZ_CREATE_SEP 1
| #define HAVE_ARGZ_INSERT 1
| #define HAVE_ARGZ_NEXT 1
| #define HAVE_ARGZ_STRINGIFY 1
| #define HAVE_WORKING_ARGZ 1
| #define HAVE_PRELOADED_SYMBOLS 1
| #define HAVE_LTDL 1
| #define HAVE_UNISTD_H 1
| #define HAVE_DIRENT_H 1
| #define HAVE_CLOSEDIR 1
| #define HAVE_OPENDIR 1
| #define HAVE_READDIR 1
| #define LT_LIBEXT "a"
| #define LT_LIBPREFIX "lib"
| #define NDEBUG 1
| #define STDC_HEADERS 1
| #define TIME_WITH_SYS_TIME 1
| #define HAVE_SYS_WAIT_H 1
| #define HAVE_FCNTL_H 1
| #define HAVE_UNISTD_H 1
| #define HAVE_GETOPT_H 1
| #define HAVE_PTHREAD_H 1
| #define HAVE_SIGNAL_H 1
| #define CEREBRO_MODULE_DIR "/usr/local/lib/cerebro"
| #define CEREBRO_CONFIG_FILE_DEFAULT "/etc/cerebro.conf"
| #define CEREBRO_CLUSTERLIST_HOSTSFILE_DEFAULT "/etc/hostsfile"
| #define WITH_BOOTTIME 1
| #define WITH_LOADAVG 1
| #define WITH_MEMORY 1
| #define WITH_NETWORK 1
| #define WITH_SLURM_STATE 1
| #define SLURM_STATE_CONTROL_PATH "/usr/local/lib/cerebro/cerebro_metric_slurm_state"
| #define WITH_SHUTDOWN 1
| #define WITH_UPDOWN 1
| #define HAVE_IPV6 1
| #define HAVE_STRCMP 1
| #define HAVE_STRLEN 1
| #define HAVE_STRCPY 1
| #define HAVE_STRCHR 1
| #define HAVE_STRSEP 1
| #define HAVE_STRSPN 1
| #define HAVE_STRTOK_R 1
| #define HAVE_GETOPT_LONG 1
| #define HAVE_GETHOSTBYNAME 1
| #define HAVE_GETHOSTBYNAME_R 1
| #define HAVE_FUNC_GETHOSTBYNAME_R_6 /**/
| /* end confdefs.h.  */
| #include <pthread.h>
| int
| main ()
| {
| pthread_t th; pthread_join(th, 0);
|                      pthread_attr_init(0); pthread_cleanup_push(0, 0);
|                      pthread_create(0,0,0,0); pthread_cleanup_pop(0);
|   ;
|   return 0;
| }
configure:14867: result: no
configure:14825: checking for the pthreads library -llthread
configure:14858: gcc -o conftest -O3 -Wall -fno-strict-aliasing    conftest.c -llthread -ldl  >&5
conftest.c: In function 'main':
conftest.c:88:22: warning: null argument where non-null required (argument 1) [-Wnonnull]
                      pthread_attr_init(0); pthread_cleanup_push(0, 0);
                      ^
conftest.c:89:22: warning: null argument where non-null required (argument 1) [-Wnonnull]
                      pthread_create(0,0,0,0); pthread_cleanup_pop(0);
                      ^
conftest.c:89:22: warning: null argument where non-null required (argument 3) [-Wnonnull]
conftest.c:87:27: warning: 'th' is used uninitialized in this function [-Wuninitialized]
 pthread_t th; pthread_join(th, 0);
                           ^
/usr/bin/ld: cannot find -llthread
collect2: error: ld returned 1 exit status
configure:14858: $? = 1
configure: failed program was:
| /* confdefs.h */
| #define PACKAGE_NAME ""
| #define PACKAGE_TARNAME ""
| #define PACKAGE_VERSION ""
| #define PACKAGE_STRING ""
| #define PACKAGE_BUGREPORT ""
| #define PACKAGE_URL ""
| #define PROJECT "cerebro"
| #define VERSION "1.21"
| #define RELEASE "8"
| #define PACKAGE "cerebro"
| #define VERSION "1.21"
| #define STDC_HEADERS 1
| #define HAVE_SYS_TYPES_H 1
| #define HAVE_SYS_STAT_H 1
| #define HAVE_STDLIB_H 1
| #define HAVE_STRING_H 1
| #define HAVE_MEMORY_H 1
| #define HAVE_STRINGS_H 1
| #define HAVE_INTTYPES_H 1
| #define HAVE_STDINT_H 1
| #define HAVE_UNISTD_H 1
| #define HAVE_DLFCN_H 1
| #define LT_OBJDIR ".libs/"
| #define LT_MODULE_EXT ".so"
| #define LT_MODULE_PATH_VAR "LD_LIBRARY_PATH"
| #define LT_DLSEARCH_PATH "/lib64:/usr/lib64:/lib:/usr/lib:/usr/lib64//bind9-export/:/usr/lib64/dyninst:/usr/lib64/qt-3.3/lib:/usr/lib64/robinhood/"
| #define HAVE_LIBDL 1
| #define HAVE_DLERROR 1
| #define HAVE_LIBDLLOADER 1
| #define HAVE_ARGZ_H 1
| #define HAVE_ERROR_T 1
| #define HAVE_ARGZ_ADD 1
| #define HAVE_ARGZ_APPEND 1
| #define HAVE_ARGZ_COUNT 1
| #define HAVE_ARGZ_CREATE_SEP 1
| #define HAVE_ARGZ_INSERT 1
| #define HAVE_ARGZ_NEXT 1
| #define HAVE_ARGZ_STRINGIFY 1
| #define HAVE_WORKING_ARGZ 1
| #define HAVE_PRELOADED_SYMBOLS 1
| #define HAVE_LTDL 1
| #define HAVE_UNISTD_H 1
| #define HAVE_DIRENT_H 1
| #define HAVE_CLOSEDIR 1
| #define HAVE_OPENDIR 1
| #define HAVE_READDIR 1
| #define LT_LIBEXT "a"
| #define LT_LIBPREFIX "lib"
| #define NDEBUG 1
| #define STDC_HEADERS 1
| #define TIME_WITH_SYS_TIME 1
| #define HAVE_SYS_WAIT_H 1
| #define HAVE_FCNTL_H 1
| #define HAVE_UNISTD_H 1
| #define HAVE_GETOPT_H 1
| #define HAVE_PTHREAD_H 1
| #define HAVE_SIGNAL_H 1
| #define CEREBRO_MODULE_DIR "/usr/local/lib/cerebro"
| #define CEREBRO_CONFIG_FILE_DEFAULT "/etc/cerebro.conf"
| #define CEREBRO_CLUSTERLIST_HOSTSFILE_DEFAULT "/etc/hostsfile"
| #define WITH_BOOTTIME 1
| #define WITH_LOADAVG 1
| #define WITH_MEMORY 1
| #define WITH_NETWORK 1
| #define WITH_SLURM_STATE 1
| #define SLURM_STATE_CONTROL_PATH "/usr/local/lib/cerebro/cerebro_metric_slurm_state"
| #define WITH_SHUTDOWN 1
| #define WITH_UPDOWN 1
| #define HAVE_IPV6 1
| #define HAVE_STRCMP 1
| #define HAVE_STRLEN 1
| #define HAVE_STRCPY 1
| #define HAVE_STRCHR 1
| #define HAVE_STRSEP 1
| #define HAVE_STRSPN 1
| #define HAVE_STRTOK_R 1
| #define HAVE_GETOPT_LONG 1
| #define HAVE_GETHOSTBYNAME 1
| #define HAVE_GETHOSTBYNAME_R 1
| #define HAVE_FUNC_GETHOSTBYNAME_R_6 /**/
| /* end confdefs.h.  */
| #include <pthread.h>
| int
| main ()
| {
| pthread_t th; pthread_join(th, 0);
|                      pthread_attr_init(0); pthread_cleanup_push(0, 0);
|                      pthread_create(0,0,0,0); pthread_cleanup_pop(0);
|   ;
|   return 0;
| }
configure:14867: result: no
configure:14819: checking whether pthreads work with -pthread
configure:14858: gcc -o conftest -O3 -Wall -fno-strict-aliasing -pthread   conftest.c  -ldl  >&5
conftest.c: In function 'main':
conftest.c:88:22: warning: null argument where non-null required (argument 1) [-Wnonnull]
                      pthread_attr_init(0); pthread_cleanup_push(0, 0);
                      ^
conftest.c:89:22: warning: null argument where non-null required (argument 1) [-Wnonnull]
                      pthread_create(0,0,0,0); pthread_cleanup_pop(0);
                      ^
conftest.c:89:22: warning: null argument where non-null required (argument 3) [-Wnonnull]
conftest.c:87:27: warning: 'th' is used uninitialized in this function [-Wuninitialized]
 pthread_t th; pthread_join(th, 0);
                           ^
configure:14858: $? = 0
configure:14867: result: yes
configure:14887: checking for joinable pthread attribute
configure:14900: gcc -o conftest -O3 -Wall -fno-strict-aliasing -pthread   conftest.c  -ldl  >&5
conftest.c: In function 'main':
conftest.c:87:5: warning: unused variable 'attr' [-Wunused-variable]
 int attr=PTHREAD_CREATE_JOINABLE;
     ^
configure:14900: $? = 0
configure:14932: result: PTHREAD_CREATE_JOINABLE
configure:14939: checking if more special flags are required for pthreads
configure:14946: result: no
configure:14958: checking for cc_r
configure:14986: result: gcc
configure:15035: checking size of long
configure:15040: gcc -o conftest -O3 -Wall -fno-strict-aliasing   conftest.c -ldl  >&5
configure:15040: $? = 0
configure:15040: ./conftest
configure:15040: $? = 0
configure:15054: result: 8
configure:15178: checking that generated files are newer than configure
configure:15184: result: done
configure:15313: creating ./config.status

## ---------------------- ##
## Running config.status. ##
## ---------------------- ##

This file was extended by config.status, which was
generated by GNU Autoconf 2.69.  Invocation command line was

  CONFIG_FILES    = 
  CONFIG_HEADERS  = 
  CONFIG_LINKS    = 
  CONFIG_COMMANDS = 
  $ ./config.status 

on test201

config.status:1268: creating cerebro.spec
config.status:1268: creating Makefile
config.status:1268: creating etc/Makefile
config.status:1268: creating man/Makefile
config.status:1268: creating man/cerebro-admin.8
config.status:1268: creating man/cerebro-stat.8
config.status:1268: creating man/cerebrod.8
config.status:1268: creating man/cerebro_module.3
config.status:1268: creating man/cerebro_module_devel.3
config.status:1268: creating man/cerebro.conf.5
config.status:1268: creating man/cerebro.7
config.status:1268: creating src/Makefile
config.status:1268: creating src/cerebro-admin/Makefile
config.status:1268: creating src/cerebro-stat/Makefile
config.status:1268: creating src/cerebrod/Makefile
config.status:1268: creating src/libs/Makefile
config.status:1268: creating src/libs/cerebro/Makefile
config.status:1268: creating src/libs/cerebro_error/Makefile
config.status:1268: creating src/libs/common/Makefile
config.status:1268: creating src/libs/debug/Makefile
config.status:1268: creating src/libs/include/Makefile
config.status:1268: creating src/libs/include/cerebro/cerebro_metric_control_protocol.h
config.status:1268: creating src/libs/modules/Makefile
config.status:1268: creating src/libs/util/Makefile
config.status:1268: creating src/libs/wrappers/Makefile
config.status:1268: creating src/modules/Makefile
config.status:1268: creating src/modules/clusterlist/Makefile
config.status:1268: creating src/modules/config/Makefile
config.status:1268: creating src/modules/event/Makefile
config.status:1268: creating src/modules/metric/Makefile
config.status:1268: creating src/modules/monitor/Makefile
config.status:1268: creating config/config.h
config.status:1497: executing depfiles commands
config.status:1497: executing libtool commands
configure:17633: === configuring in libltdl (/root/newdaima/lmt/cerebro-cerebro-1-21-8/libltdl)
configure:17696: running /bin/sh ./configure --disable-option-checking '--prefix=/usr/local'  --cache-file=/dev/null --srcdir=.

## ---------------- ##
## Cache variables. ##
## ---------------- ##

ac_cv_build=x86_64-redhat-linux-gnu
ac_cv_c_bigendian=no
ac_cv_c_compiler_gnu=yes
ac_cv_c_const=yes
ac_cv_env_CC_set=
ac_cv_env_CC_value=
ac_cv_env_CFLAGS_set=
ac_cv_env_CFLAGS_value=
ac_cv_env_CPPFLAGS_set=
ac_cv_env_CPPFLAGS_value=
ac_cv_env_CPP_set=
ac_cv_env_CPP_value=
ac_cv_env_LDFLAGS_set=
ac_cv_env_LDFLAGS_value=
ac_cv_env_LIBS_set=
ac_cv_env_LIBS_value=
ac_cv_env_PKG_CONFIG_LIBDIR_set=
ac_cv_env_PKG_CONFIG_LIBDIR_value=
ac_cv_env_PKG_CONFIG_PATH_set=
ac_cv_env_PKG_CONFIG_PATH_value=
ac_cv_env_PKG_CONFIG_set=
ac_cv_env_PKG_CONFIG_value=
ac_cv_env_build_alias_set=
ac_cv_env_build_alias_value=
ac_cv_env_host_alias_set=
ac_cv_env_host_alias_value=
ac_cv_env_target_alias_set=
ac_cv_env_target_alias_value=
ac_cv_func_argz_add=yes
ac_cv_func_argz_append=yes
ac_cv_func_argz_count=yes
ac_cv_func_argz_create_sep=yes
ac_cv_func_argz_insert=yes
ac_cv_func_argz_next=yes
ac_cv_func_argz_stringify=yes
ac_cv_func_closedir=yes
ac_cv_func_dlerror=yes
ac_cv_func_gethostbyname=yes
ac_cv_func_gethostbyname_r=yes
ac_cv_func_getopt_long=yes
ac_cv_func_opendir=yes
ac_cv_func_readdir=yes
ac_cv_func_shl_load=no
ac_cv_func_strchr=yes
ac_cv_func_strcmp=yes
ac_cv_func_strcpy=yes
ac_cv_func_strlcat=no
ac_cv_func_strlcpy=no
ac_cv_func_strlen=yes
ac_cv_func_strsep=yes
ac_cv_func_strspn=yes
ac_cv_func_strtok_r=yes
ac_cv_func_which_gethostname_r=six
ac_cv_have_decl_AF_INET6=yes
ac_cv_have_decl_lt_dlinterface_register=yes
ac_cv_header_argz_h=yes
ac_cv_header_dirent_h=yes
ac_cv_header_dl_h=no
ac_cv_header_dld_h=no
ac_cv_header_dlfcn_h=yes
ac_cv_header_fcntl_h=yes
ac_cv_header_getopt_h=yes
ac_cv_header_inttypes_h=yes
ac_cv_header_ltdl_h=yes
ac_cv_header_mach_o_dyld_h=no
ac_cv_header_memory_h=yes
ac_cv_header_pthread_h=yes
ac_cv_header_signal_h=yes
ac_cv_header_stdc=yes
ac_cv_header_stdint_h=yes
ac_cv_header_stdlib_h=yes
ac_cv_header_string_h=yes
ac_cv_header_strings_h=yes
ac_cv_header_sys_dl_h=no
ac_cv_header_sys_stat_h=yes
ac_cv_header_sys_types_h=yes
ac_cv_header_sys_wait_h=yes
ac_cv_header_time=yes
ac_cv_header_unistd_h=yes
ac_cv_host=x86_64-redhat-linux-gnu
ac_cv_lib_dld_dld_link=no
ac_cv_lib_dld_shl_load=no
ac_cv_lib_genders_genders_handle_create=no
ac_cv_lib_ltdl_lt_dladvise_preload=yes
ac_cv_objext=o
ac_cv_path_EGREP='/usr/bin/grep -E'
ac_cv_path_FGREP='/usr/bin/grep -F'
ac_cv_path_GREP=/usr/bin/grep
ac_cv_path_SED=/usr/bin/sed
ac_cv_path_ac_pt_PKG_CONFIG=/usr/bin/pkg-config
ac_cv_path_install='/usr/bin/install -c'
ac_cv_path_mkdir=/usr/bin/mkdir
ac_cv_prog_AWK=gawk
ac_cv_prog_CPP='gcc -E'
ac_cv_prog_PTHREAD_CC=gcc
ac_cv_prog_ac_ct_AR=ar
ac_cv_prog_ac_ct_CC=gcc
ac_cv_prog_ac_ct_OBJDUMP=objdump
ac_cv_prog_ac_ct_RANLIB=ranlib
ac_cv_prog_ac_ct_STRIP=strip
ac_cv_prog_cc_c89=
ac_cv_prog_cc_g=yes
ac_cv_prog_make_make_set=yes
ac_cv_search_dlopen=-ldl
ac_cv_sizeof_long=8
ac_cv_struct_sa_len=no
ac_cv_target=x86_64-redhat-linux-gnu
ac_cv_type_error_t=yes
ac_cv_type_uid_t=yes
am_cv_CC_dependencies_compiler_type=gcc3
am_cv_make_support_nested_variables=yes
libltdl_cv_lib_dl_dlopen=yes
libltdl_cv_preloaded_symbols=yes
libltdl_cv_shlibext=.so
libltdl_cv_shrext=.so
lt_cv_ar_at_file=@
lt_cv_archive_cmds_need_lc=no
lt_cv_deplibs_check_method=pass_all
lt_cv_file_magic_cmd='$MAGIC_CMD'
lt_cv_file_magic_test_file=
lt_cv_ld_reload_flag=-r
lt_cv_module_path_var=LD_LIBRARY_PATH
lt_cv_nm_interface='BSD nm'
lt_cv_objdir=.libs
lt_cv_path_LD=/usr/bin/ld
lt_cv_path_NM='/usr/bin/nm -B'
lt_cv_path_mainfest_tool=no
lt_cv_prog_compiler_c_o=yes
lt_cv_prog_compiler_pic='-fPIC -DPIC'
lt_cv_prog_compiler_pic_works=yes
lt_cv_prog_compiler_rtti_exceptions=no
lt_cv_prog_compiler_static_works=no
lt_cv_prog_gnu_ld=yes
lt_cv_sharedlib_from_linklib_cmd='printf %s\n'
lt_cv_shlibpath_overrides_runpath=no
lt_cv_sys_argz_works=yes
lt_cv_sys_dlopen_deplibs=yes
lt_cv_sys_dlsearch_path='/lib64 /usr/lib64 /lib /usr/lib /usr/lib64//bind9-export/ /usr/lib64/dyninst /usr/lib64/qt-3.3/lib /usr/lib64/robinhood/ '
lt_cv_sys_global_symbol_pipe='sed -n -e '\''s/^.*[	 ]\([ABCDGIRSTW][ABCDGIRSTW]*\)[	 ][	 ]*\([_A-Za-z][_A-Za-z0-9]*\)$/\1 \2 \2/p'\'' | sed '\''/ __gnu_lto/d'\'''
lt_cv_sys_global_symbol_to_c_name_address='sed -n -e '\''s/^: \([^ ]*\)[ ]*$/  {\"\1\", (void *) 0},/p'\'' -e '\''s/^[ABCDGIRSTW]* \([^ ]*\) \([^ ]*\)$/  {"\2", (void *) \&\2},/p'\'''
lt_cv_sys_global_symbol_to_c_name_address_lib_prefix='sed -n -e '\''s/^: \([^ ]*\)[ ]*$/  {\"\1\", (void *) 0},/p'\'' -e '\''s/^[ABCDGIRSTW]* \([^ ]*\) \(lib[^ ]*\)$/  {"\2", (void *) \&\2},/p'\'' -e '\''s/^[ABCDGIRSTW]* \([^ ]*\) \([^ ]*\)$/  {"lib\2", (void *) \&\2},/p'\'''
lt_cv_sys_global_symbol_to_cdecl='sed -n -e '\''s/^T .* \(.*\)$/extern int \1();/p'\'' -e '\''s/^[ABCDGIRSTW]* .* \(.*\)$/extern char \1;/p'\'''
lt_cv_sys_max_cmd_len=1572864
lt_cv_sys_symbol_underscore=no
lt_cv_to_host_file_cmd=func_convert_file_noop
lt_cv_to_tool_file_cmd=func_convert_file_noop

## ----------------- ##
## Output variables. ##
## ----------------- ##

ACLOCAL='aclocal-1.13'
AMDEPBACKSLASH='\'
AMDEP_FALSE='#'
AMDEP_TRUE=''
AMTAR='$${TAR-tar}'
AM_BACKSLASH='\'
AM_DEFAULT_V='$(AM_DEFAULT_VERBOSITY)'
AM_DEFAULT_VERBOSITY='1'
AM_V='$(V)'
AR='ar'
ARGZ_H=''
AUTOCONF='autoconf'
AUTOHEADER='autoheader'
AUTOMAKE='automake-1.13'
AWK='gawk'
CC='gcc'
CCDEPMODE='depmode=gcc3'
CEREBRO_CLUSTERLIST_HOSTSFILE_DEFAULT='/etc/hostsfile'
CEREBRO_CONFIG_FILE_DEFAULT='/etc/cerebro.conf'
CEREBRO_MODULE_DIR='/usr/local/lib/cerebro'
CFLAGS='-O3 -Wall -fno-strict-aliasing'
CONVENIENCE_LTDL_FALSE='#'
CONVENIENCE_LTDL_TRUE=''
CPP='gcc -E'
CPPFLAGS=''
CYGPATH_W='echo'
DEFS='-DHAVE_CONFIG_H'
DEPDIR='.deps'
DLLTOOL='false'
DSYMUTIL=''
DUMPBIN=''
ECHO_C=''
ECHO_N='-n'
ECHO_T=''
EGREP='/usr/bin/grep -E'
EXEEXT=''
FGREP='/usr/bin/grep -F'
GENDERS_LIBS=''
GREP='/usr/bin/grep'
HAVE_SYSTEMD_FALSE='#'
HAVE_SYSTEMD_TRUE=''
INCLTDL=''
INSTALL_DATA='${INSTALL} -m 644'
INSTALL_LTDL_FALSE=''
INSTALL_LTDL_TRUE='#'
INSTALL_PROGRAM='${INSTALL}'
INSTALL_SCRIPT='${INSTALL}'
INSTALL_STRIP_PROGRAM='$(install_sh) -c -s'
LD='/usr/bin/ld -m elf_x86_64'
LDFLAGS=''
LIBADD_DL='-ldl '
LIBADD_DLD_LINK=''
LIBADD_DLOPEN='-ldl'
LIBADD_SHL_LOAD=''
LIBCEREBRO_ERROR_VERSION_INFO='0:0:0'
LIBCEREBRO_VERSION_INFO='1:1:0'
LIBLTDL='-lltdl'
LIBOBJS=''
LIBS='-ldl '
LIBTOOL='$(SHELL) $(top_builddir)/libtool'
LIPO=''
LN_S='ln -s'
LTDLDEPS=''
LTDLINCL=''
LTDLOPEN='libltdl'
LTLIBOBJS=''
LT_CONFIG_H='config/config.h'
LT_DLLOADERS=' libltdl/dlopen.la'
LT_DLPREOPEN='-dlpreopen libltdl/dlopen.la '
MAINT='#'
MAINTAINER_MODE_FALSE=''
MAINTAINER_MODE_TRUE='#'
MAKEINFO='makeinfo'
MANIFEST_TOOL=':'
MANPAGE_BOOTTIME='1'
MANPAGE_DEBUG='0'
MANPAGE_GENDERS='0'
MANPAGE_HOSTSFILE='1'
MANPAGE_LOADAVG='1'
MANPAGE_MEMORY='1'
MANPAGE_NETWORK='1'
MANPAGE_SHUTDOWN='1'
MANPAGE_SLURM_STATE='1'
MANPAGE_STATIC_MODULES='0'
MANPAGE_UPDOWN='1'
METRIC_CONTROL_PATH='"/usr/local/var/run/cerebro_metric_control"'
MKDIR_P='/usr/bin/mkdir -p'
NM='/usr/bin/nm -B'
NMEDIT=''
OBJDUMP='objdump'
OBJEXT='o'
OTOOL64=''
OTOOL=''
PACKAGE='cerebro'
PACKAGE_BUGREPORT=''
PACKAGE_NAME=''
PACKAGE_STRING=''
PACKAGE_TARNAME=''
PACKAGE_URL=''
PACKAGE_VERSION=''
PATH_SEPARATOR=':'
PKG_CONFIG='/usr/bin/pkg-config'
PKG_CONFIG_LIBDIR=''
PKG_CONFIG_PATH=''
PROJECT='cerebro'
PTHREAD_CC='gcc'
PTHREAD_CFLAGS='-pthread'
PTHREAD_LIBS=''
RANLIB='ranlib'
RELEASE='8'
SED='/usr/bin/sed'
SET_MAKE=''
SHELL='/bin/sh'
SLURM_STATE_CONTROL_PATH='/usr/local/lib/cerebro/cerebro_metric_slurm_state'
STRIP='strip'
VERSION='1.21'
WITH_BOOTTIME_FALSE='#'
WITH_BOOTTIME_TRUE=''
WITH_CEREBROD_NO_THREADS_FALSE=''
WITH_CEREBROD_NO_THREADS_TRUE='#'
WITH_CEREBROD_SPEAKER_ONLY_FALSE=''
WITH_CEREBROD_SPEAKER_ONLY_TRUE='#'
WITH_CLUSTERLIST_STATIC_MODULES_FALSE=''
WITH_CLUSTERLIST_STATIC_MODULES_TRUE='#'
WITH_CONFIG_STATIC_MODULES_FALSE=''
WITH_CONFIG_STATIC_MODULES_TRUE='#'
WITH_EVENT_STATIC_MODULES_FALSE=''
WITH_EVENT_STATIC_MODULES_TRUE='#'
WITH_GENDERS_FALSE=''
WITH_GENDERS_TRUE='#'
WITH_GNU_LD_FALSE='#'
WITH_GNU_LD_TRUE=''
WITH_HOSTSFILE_FALSE='#'
WITH_HOSTSFILE_TRUE=''
WITH_LOADAVG_FALSE='#'
WITH_LOADAVG_TRUE=''
WITH_MEMORY_FALSE='#'
WITH_MEMORY_TRUE=''
WITH_METRIC_STATIC_MODULES_FALSE=''
WITH_METRIC_STATIC_MODULES_TRUE='#'
WITH_MONITOR_STATIC_MODULES_FALSE=''
WITH_MONITOR_STATIC_MODULES_TRUE='#'
WITH_NETWORK_FALSE='#'
WITH_NETWORK_TRUE=''
WITH_SHUTDOWN_FALSE='#'
WITH_SHUTDOWN_TRUE=''
WITH_SLURM_STATE_FALSE='#'
WITH_SLURM_STATE_TRUE=''
WITH_STATIC_MODULES=''
WITH_STATIC_MODULES_FALSE=''
WITH_STATIC_MODULES_TRUE='#'
WITH_UPDOWN_FALSE='#'
WITH_UPDOWN_TRUE=''
ac_ct_AR='ar'
ac_ct_CC='gcc'
ac_ct_DUMPBIN=''
am__EXEEXT_FALSE=''
am__EXEEXT_TRUE='#'
am__fastdepCC_FALSE='#'
am__fastdepCC_TRUE=''
am__include='include'
am__isrc=''
am__leading_dot='.'
am__nodep='_no'
am__quote=''
am__tar='$${TAR-tar} chof - "$$tardir"'
am__untar='$${TAR-tar} xf -'
bindir='${exec_prefix}/bin'
build='x86_64-redhat-linux-gnu'
build_alias=''
build_cpu='x86_64'
build_os='linux-gnu'
build_vendor='redhat'
datadir='${datarootdir}'
datarootdir='${prefix}/share'
docdir='${datarootdir}/doc/${PACKAGE}'
dvidir='${docdir}'
exec_prefix='${prefix}'
host='x86_64-redhat-linux-gnu'
host_alias=''
host_cpu='x86_64'
host_os='linux-gnu'
host_vendor='redhat'
htmldir='${docdir}'
includedir='${prefix}/include'
infodir='${datarootdir}/info'
install_sh='${SHELL} /root/newdaima/lmt/cerebro-cerebro-1-21-8/config/install-sh'
libdir='${exec_prefix}/lib'
libexecdir='${exec_prefix}/libexec'
localedir='${datarootdir}/locale'
localstatedir='${prefix}/var'
ltdl_LIBOBJS=' lt__strl.o'
ltdl_LTLIBOBJS=' lt__strl.lo'
mandir='${datarootdir}/man'
mkdir_p='$(MKDIR_P)'
oldincludedir='/usr/include'
pdfdir='${docdir}'
prefix='/usr/local'
program_transform_name='s,x,x,'
psdir='${docdir}'
sbindir='${exec_prefix}/sbin'
sharedstatedir='${prefix}/com'
subdirs=' libltdl'
sys_symbol_underscore='no'
sysconfdir='${prefix}/etc'
systemdsystemunitdir='/usr/lib/systemd/system'
target='x86_64-redhat-linux-gnu'
target_alias=''
target_cpu='x86_64'
target_os='linux-gnu'
target_vendor='redhat'

## ----------- ##
## confdefs.h. ##
## ----------- ##

/* confdefs.h */
#define PACKAGE_NAME ""
#define PACKAGE_TARNAME ""
#define PACKAGE_VERSION ""
#define PACKAGE_STRING ""
#define PACKAGE_BUGREPORT ""
#define PACKAGE_URL ""
#define PROJECT "cerebro"
#define VERSION "1.21"
#define RELEASE "8"
#define PACKAGE "cerebro"
#define VERSION "1.21"
#define STDC_HEADERS 1
#define HAVE_SYS_TYPES_H 1
#define HAVE_SYS_STAT_H 1
#define HAVE_STDLIB_H 1
#define HAVE_STRING_H 1
#define HAVE_MEMORY_H 1
#define HAVE_STRINGS_H 1
#define HAVE_INTTYPES_H 1
#define HAVE_STDINT_H 1
#define HAVE_UNISTD_H 1
#define HAVE_DLFCN_H 1
#define LT_OBJDIR ".libs/"
#define LT_MODULE_EXT ".so"
#define LT_MODULE_PATH_VAR "LD_LIBRARY_PATH"
#define LT_DLSEARCH_PATH "/lib64:/usr/lib64:/lib:/usr/lib:/usr/lib64//bind9-export/:/usr/lib64/dyninst:/usr/lib64/qt-3.3/lib:/usr/lib64/robinhood/"
#define HAVE_LIBDL 1
#define HAVE_DLERROR 1
#define HAVE_LIBDLLOADER 1
#define HAVE_ARGZ_H 1
#define HAVE_ERROR_T 1
#define HAVE_ARGZ_ADD 1
#define HAVE_ARGZ_APPEND 1
#define HAVE_ARGZ_COUNT 1
#define HAVE_ARGZ_CREATE_SEP 1
#define HAVE_ARGZ_INSERT 1
#define HAVE_ARGZ_NEXT 1
#define HAVE_ARGZ_STRINGIFY 1
#define HAVE_WORKING_ARGZ 1
#define HAVE_PRELOADED_SYMBOLS 1
#define HAVE_LTDL 1
#define HAVE_UNISTD_H 1
#define HAVE_DIRENT_H 1
#define HAVE_CLOSEDIR 1
#define HAVE_OPENDIR 1
#define HAVE_READDIR 1
#define LT_LIBEXT "a"
#define LT_LIBPREFIX "lib"
#define NDEBUG 1
#define STDC_HEADERS 1
#define TIME_WITH_SYS_TIME 1
#define HAVE_SYS_WAIT_H 1
#define HAVE_FCNTL_H 1
#define HAVE_UNISTD_H 1
#define HAVE_GETOPT_H 1
#define HAVE_PTHREAD_H 1
#define HAVE_SIGNAL_H 1
#define CEREBRO_MODULE_DIR "/usr/local/lib/cerebro"
#define CEREBRO_CONFIG_FILE_DEFAULT "/etc/cerebro.conf"
#define CEREBRO_CLUSTERLIST_HOSTSFILE_DEFAULT "/etc/hostsfile"
#define WITH_BOOTTIME 1
#define WITH_LOADAVG 1
#define WITH_MEMORY 1
#define WITH_NETWORK 1
#define WITH_SLURM_STATE 1
#define SLURM_STATE_CONTROL_PATH "/usr/local/lib/cerebro/cerebro_metric_slurm_state"
#define WITH_SHUTDOWN 1
#define WITH_UPDOWN 1
#define HAVE_IPV6 1
#define HAVE_STRCMP 1
#define HAVE_STRLEN 1
#define HAVE_STRCPY 1
#define HAVE_STRCHR 1
#define HAVE_STRSEP 1
#define HAVE_STRSPN 1
#define HAVE_STRTOK_R 1
#define HAVE_GETOPT_LONG 1
#define HAVE_GETHOSTBYNAME 1
#define HAVE_GETHOSTBYNAME_R 1
#define HAVE_FUNC_GETHOSTBYNAME_R_6 /**/
#define HAVE_PTHREAD 1
#define WITH_LSD_FATAL_ERROR_FUNC 1
#define SIZEOF_LONG 8

configure: exit 0
